<?xml version="1.0" encoding="UTF-8"?>
<testsuite name="com.haessae0.goanywhere.springboot.web.HelloControllerTest" tests="2" skipped="0" failures="0" errors="0" timestamp="2022-02-25T05:15:32" hostname="DESKTOP-BUTUH8M" time="0.344">
  <properties/>
  <testcase name="returned_hello()" classname="com.haessae0.goanywhere.springboot.web.HelloControllerTest" time="0.202"/>
  <testcase name="returned_helloDto()" classname="com.haessae0.goanywhere.springboot.web.HelloControllerTest" time="0.141"/>
  <system-out><![CDATA[14:15:31.164 [Test worker] DEBUG org.springframework.test.context.BootstrapUtils - Instantiating CacheAwareContextLoaderDelegate from class [org.springframework.test.context.cache.DefaultCacheAwareContextLoaderDelegate]
14:15:31.173 [Test worker] DEBUG org.springframework.test.context.BootstrapUtils - Instantiating BootstrapContext using constructor [public org.springframework.test.context.support.DefaultBootstrapContext(java.lang.Class,org.springframework.test.context.CacheAwareContextLoaderDelegate)]
14:15:31.201 [Test worker] DEBUG org.springframework.test.context.BootstrapUtils - Instantiating TestContextBootstrapper for test class [com.haessae0.goanywhere.springboot.web.HelloControllerTest] from class [org.springframework.boot.test.autoconfigure.web.servlet.WebMvcTestContextBootstrapper]
14:15:31.201 [Test worker] INFO org.springframework.boot.test.autoconfigure.web.servlet.WebMvcTestContextBootstrapper - Neither @ContextConfiguration nor @ContextHierarchy found for test class [com.haessae0.goanywhere.springboot.web.HelloControllerTest], using SpringBootContextLoader
14:15:31.217 [Test worker] DEBUG org.springframework.test.context.support.AbstractContextLoader - Did not detect default resource location for test class [com.haessae0.goanywhere.springboot.web.HelloControllerTest]: class path resource [com/haessae0/goanywhere/springboot/web/HelloControllerTest-context.xml] does not exist
14:15:31.217 [Test worker] DEBUG org.springframework.test.context.support.AbstractContextLoader - Did not detect default resource location for test class [com.haessae0.goanywhere.springboot.web.HelloControllerTest]: class path resource [com/haessae0/goanywhere/springboot/web/HelloControllerTestContext.groovy] does not exist
14:15:31.217 [Test worker] INFO org.springframework.test.context.support.AbstractContextLoader - Could not detect default resource locations for test class [com.haessae0.goanywhere.springboot.web.HelloControllerTest]: no resource found for suffixes {-context.xml, Context.groovy}.
14:15:31.217 [Test worker] INFO org.springframework.test.context.support.AnnotationConfigContextLoaderUtils - Could not detect default configuration classes for test class [com.haessae0.goanywhere.springboot.web.HelloControllerTest]: HelloControllerTest does not declare any static, non-private, non-final, nested classes annotated with @Configuration.
14:15:31.263 [Test worker] DEBUG org.springframework.test.context.support.ActiveProfilesUtils - Could not find an 'annotation declaring class' for annotation type [org.springframework.test.context.ActiveProfiles] and class [com.haessae0.goanywhere.springboot.web.HelloControllerTest]
14:15:31.325 [Test worker] DEBUG org.springframework.context.annotation.ClassPathScanningCandidateComponentProvider - Identified candidate component class: file [C:\workspace\IntelliJ\build\classes\java\main\com\haessae0\goanywhere\springboot\Application.class]
14:15:31.325 [Test worker] INFO org.springframework.boot.test.context.SpringBootTestContextBootstrapper - Found @SpringBootConfiguration com.haessae0.goanywhere.springboot.Application for test class com.haessae0.goanywhere.springboot.web.HelloControllerTest
14:15:31.325 [Test worker] DEBUG org.springframework.boot.test.autoconfigure.web.servlet.WebMvcTestContextBootstrapper - @TestExecutionListeners is not present for class [com.haessae0.goanywhere.springboot.web.HelloControllerTest]: using defaults.
14:15:31.325 [Test worker] INFO org.springframework.boot.test.autoconfigure.web.servlet.WebMvcTestContextBootstrapper - Loaded default TestExecutionListener class names from location [META-INF/spring.factories]: [org.springframework.security.test.context.support.WithSecurityContextTestExecutionListener, org.springframework.security.test.context.support.ReactorContextTestExecutionListener, org.springframework.boot.test.autoconfigure.restdocs.RestDocsTestExecutionListener, org.springframework.boot.test.autoconfigure.web.client.MockRestServiceServerResetTestExecutionListener, org.springframework.boot.test.autoconfigure.web.servlet.MockMvcPrintOnlyOnFailureTestExecutionListener, org.springframework.boot.test.autoconfigure.web.servlet.WebDriverTestExecutionListener, org.springframework.boot.test.autoconfigure.webservices.client.MockWebServiceServerTestExecutionListener, org.springframework.boot.test.mock.mockito.MockitoTestExecutionListener, org.springframework.boot.test.mock.mockito.ResetMocksTestExecutionListener, org.springframework.test.context.web.ServletTestExecutionListener, org.springframework.test.context.support.DirtiesContextBeforeModesTestExecutionListener, org.springframework.test.context.support.DependencyInjectionTestExecutionListener, org.springframework.test.context.support.DirtiesContextTestExecutionListener, org.springframework.test.context.transaction.TransactionalTestExecutionListener, org.springframework.test.context.jdbc.SqlScriptsTestExecutionListener, org.springframework.test.context.event.EventPublishingTestExecutionListener]
14:15:31.341 [Test worker] INFO org.springframework.boot.test.autoconfigure.web.servlet.WebMvcTestContextBootstrapper - Using TestExecutionListeners: [org.springframework.test.context.web.ServletTestExecutionListener@32c7f677, org.springframework.test.context.support.DirtiesContextBeforeModesTestExecutionListener@7f087e3f, org.springframework.boot.test.mock.mockito.MockitoTestExecutionListener@7778159, org.springframework.boot.test.autoconfigure.SpringBootDependencyInjectionTestExecutionListener@39f63954, org.springframework.test.context.support.DirtiesContextTestExecutionListener@340f0453, org.springframework.test.context.transaction.TransactionalTestExecutionListener@84a6d6b, org.springframework.test.context.jdbc.SqlScriptsTestExecutionListener@330c5872, org.springframework.security.test.context.support.WithSecurityContextTestExecutionListener@3bb8fbde, org.springframework.test.context.event.EventPublishingTestExecutionListener@77595d66, org.springframework.security.test.context.support.ReactorContextTestExecutionListener@2c2347d3, org.springframework.boot.test.autoconfigure.restdocs.RestDocsTestExecutionListener@7dbd45ed, org.springframework.boot.test.autoconfigure.web.client.MockRestServiceServerResetTestExecutionListener@1a7278f, org.springframework.boot.test.autoconfigure.web.servlet.MockMvcPrintOnlyOnFailureTestExecutionListener@3ca8f8b0, org.springframework.boot.test.autoconfigure.web.servlet.WebDriverTestExecutionListener@a832d29, org.springframework.boot.test.autoconfigure.webservices.client.MockWebServiceServerTestExecutionListener@1d8683b9, org.springframework.boot.test.mock.mockito.ResetMocksTestExecutionListener@252544d9]
14:15:31.345 [Test worker] DEBUG org.springframework.test.context.support.AbstractDirtiesContextTestExecutionListener - Before test class: context [DefaultTestContext@464ab522 testClass = HelloControllerTest, testInstance = [null], testMethod = [null], testException = [null], mergedContextConfiguration = [WebMergedContextConfiguration@7adfc6b6 testClass = HelloControllerTest, locations = '{}', classes = '{class com.haessae0.goanywhere.springboot.Application}', contextInitializerClasses = '[]', activeProfiles = '{}', propertySourceLocations = '{}', propertySourceProperties = '{org.springframework.boot.test.autoconfigure.web.servlet.WebMvcTestContextBootstrapper=true}', contextCustomizers = set[org.springframework.boot.test.autoconfigure.OverrideAutoConfigurationContextCustomizerFactory$DisableAutoConfigurationContextCustomizer@34a4e7ed, org.springframework.boot.test.autoconfigure.actuate.metrics.MetricsExportContextCustomizerFactory$DisableMetricExportContextCustomizer@4f6d4a8f, org.springframework.boot.test.autoconfigure.filter.TypeExcludeFiltersContextCustomizer@c577d2c2, org.springframework.boot.test.autoconfigure.properties.PropertyMappingContextCustomizer@35a20495, org.springframework.boot.test.autoconfigure.web.servlet.WebDriverContextCustomizerFactory$Customizer@5667c41, [ImportsContextCustomizer@acb755c key = [org.springframework.boot.autoconfigure.cache.CacheAutoConfiguration, org.springframework.boot.autoconfigure.context.MessageSourceAutoConfiguration, org.springframework.boot.autoconfigure.data.web.SpringDataWebAutoConfiguration, org.springframework.boot.autoconfigure.freemarker.FreeMarkerAutoConfiguration, org.springframework.boot.autoconfigure.groovy.template.GroovyTemplateAutoConfiguration, org.springframework.boot.autoconfigure.gson.GsonAutoConfiguration, org.springframework.boot.autoconfigure.hateoas.HypermediaAutoConfiguration, org.springframework.boot.autoconfigure.http.HttpMessageConvertersAutoConfiguration, org.springframework.boot.autoconfigure.jackson.JacksonAutoConfiguration, org.springframework.boot.autoconfigure.jsonb.JsonbAutoConfiguration, org.springframework.boot.autoconfigure.mustache.MustacheAutoConfiguration, org.springframework.boot.autoconfigure.task.TaskExecutionAutoConfiguration, org.springframework.boot.autoconfigure.thymeleaf.ThymeleafAutoConfiguration, org.springframework.boot.autoconfigure.validation.ValidationAutoConfiguration, org.springframework.boot.autoconfigure.web.servlet.error.ErrorMvcAutoConfiguration, org.springframework.boot.autoconfigure.web.servlet.HttpEncodingAutoConfiguration, org.springframework.boot.autoconfigure.web.servlet.WebMvcAutoConfiguration, org.springframework.boot.test.autoconfigure.web.servlet.MockMvcAutoConfiguration, org.springframework.boot.test.autoconfigure.web.servlet.MockMvcWebClientAutoConfiguration, org.springframework.boot.test.autoconfigure.web.servlet.MockMvcWebDriverAutoConfiguration, org.springframework.boot.autoconfigure.security.oauth2.client.servlet.OAuth2ClientAutoConfiguration, org.springframework.boot.autoconfigure.security.oauth2.resource.servlet.OAuth2ResourceServerAutoConfiguration, org.springframework.boot.autoconfigure.security.servlet.SecurityAutoConfiguration, org.springframework.boot.autoconfigure.security.servlet.SecurityFilterAutoConfiguration, org.springframework.boot.autoconfigure.security.servlet.UserDetailsServiceAutoConfiguration, org.springframework.boot.test.autoconfigure.web.servlet.MockMvcSecurityConfiguration]], org.springframework.boot.test.context.filter.ExcludeFilterContextCustomizer@6c80310f, org.springframework.boot.test.json.DuplicateJsonObjectContextCustomizerFactory$DuplicateJsonObjectContextCustomizer@7745791e, org.springframework.boot.test.mock.mockito.MockitoContextCustomizer@0, org.springframework.boot.test.context.SpringBootTestArgs@1, org.springframework.boot.test.context.SpringBootTestWebEnvironment@0], resourceBasePath = 'src/main/webapp', contextLoader = 'org.springframework.boot.test.context.SpringBootContextLoader', parent = [null]], attributes = map[[empty]]], class annotated with @DirtiesContext [false] with mode [null].
14:15:31.345 [Test worker] DEBUG org.springframework.test.context.support.DependencyInjectionTestExecutionListener - Performing dependency injection for test context [[DefaultTestContext@464ab522 testClass = HelloControllerTest, testInstance = com.haessae0.goanywhere.springboot.web.HelloControllerTest@4cf661d4, testMethod = [null], testException = [null], mergedContextConfiguration = [WebMergedContextConfiguration@7adfc6b6 testClass = HelloControllerTest, locations = '{}', classes = '{class com.haessae0.goanywhere.springboot.Application}', contextInitializerClasses = '[]', activeProfiles = '{}', propertySourceLocations = '{}', propertySourceProperties = '{org.springframework.boot.test.autoconfigure.web.servlet.WebMvcTestContextBootstrapper=true}', contextCustomizers = set[org.springframework.boot.test.autoconfigure.OverrideAutoConfigurationContextCustomizerFactory$DisableAutoConfigurationContextCustomizer@34a4e7ed, org.springframework.boot.test.autoconfigure.actuate.metrics.MetricsExportContextCustomizerFactory$DisableMetricExportContextCustomizer@4f6d4a8f, org.springframework.boot.test.autoconfigure.filter.TypeExcludeFiltersContextCustomizer@c577d2c2, org.springframework.boot.test.autoconfigure.properties.PropertyMappingContextCustomizer@35a20495, org.springframework.boot.test.autoconfigure.web.servlet.WebDriverContextCustomizerFactory$Customizer@5667c41, [ImportsContextCustomizer@acb755c key = [org.springframework.boot.autoconfigure.cache.CacheAutoConfiguration, org.springframework.boot.autoconfigure.context.MessageSourceAutoConfiguration, org.springframework.boot.autoconfigure.data.web.SpringDataWebAutoConfiguration, org.springframework.boot.autoconfigure.freemarker.FreeMarkerAutoConfiguration, org.springframework.boot.autoconfigure.groovy.template.GroovyTemplateAutoConfiguration, org.springframework.boot.autoconfigure.gson.GsonAutoConfiguration, org.springframework.boot.autoconfigure.hateoas.HypermediaAutoConfiguration, org.springframework.boot.autoconfigure.http.HttpMessageConvertersAutoConfiguration, org.springframework.boot.autoconfigure.jackson.JacksonAutoConfiguration, org.springframework.boot.autoconfigure.jsonb.JsonbAutoConfiguration, org.springframework.boot.autoconfigure.mustache.MustacheAutoConfiguration, org.springframework.boot.autoconfigure.task.TaskExecutionAutoConfiguration, org.springframework.boot.autoconfigure.thymeleaf.ThymeleafAutoConfiguration, org.springframework.boot.autoconfigure.validation.ValidationAutoConfiguration, org.springframework.boot.autoconfigure.web.servlet.error.ErrorMvcAutoConfiguration, org.springframework.boot.autoconfigure.web.servlet.HttpEncodingAutoConfiguration, org.springframework.boot.autoconfigure.web.servlet.WebMvcAutoConfiguration, org.springframework.boot.test.autoconfigure.web.servlet.MockMvcAutoConfiguration, org.springframework.boot.test.autoconfigure.web.servlet.MockMvcWebClientAutoConfiguration, org.springframework.boot.test.autoconfigure.web.servlet.MockMvcWebDriverAutoConfiguration, org.springframework.boot.autoconfigure.security.oauth2.client.servlet.OAuth2ClientAutoConfiguration, org.springframework.boot.autoconfigure.security.oauth2.resource.servlet.OAuth2ResourceServerAutoConfiguration, org.springframework.boot.autoconfigure.security.servlet.SecurityAutoConfiguration, org.springframework.boot.autoconfigure.security.servlet.SecurityFilterAutoConfiguration, org.springframework.boot.autoconfigure.security.servlet.UserDetailsServiceAutoConfiguration, org.springframework.boot.test.autoconfigure.web.servlet.MockMvcSecurityConfiguration]], org.springframework.boot.test.context.filter.ExcludeFilterContextCustomizer@6c80310f, org.springframework.boot.test.json.DuplicateJsonObjectContextCustomizerFactory$DuplicateJsonObjectContextCustomizer@7745791e, org.springframework.boot.test.mock.mockito.MockitoContextCustomizer@0, org.springframework.boot.test.context.SpringBootTestArgs@1, org.springframework.boot.test.context.SpringBootTestWebEnvironment@0], resourceBasePath = 'src/main/webapp', contextLoader = 'org.springframework.boot.test.context.SpringBootContextLoader', parent = [null]], attributes = map[[empty]]]].
14:15:31.361 [Test worker] DEBUG org.springframework.test.context.support.TestPropertySourceUtils - Adding inlined properties to environment: {spring.jmx.enabled=false, org.springframework.boot.test.autoconfigure.web.servlet.WebMvcTestContextBootstrapper=true}

  .   ____          _            __ _ _
 /\\ / ___'_ __ _ _(_)_ __  __ _ \ \ \ \
( ( )\___ | '_ | '_| | '_ \/ _` | \ \ \ \
 \\/  ___)| |_)| | | | | || (_| |  ) ) ) )
  '  |____| .__|_| |_|_| |_\__, | / / / /
 =========|_|==============|___/=/_/_/_/
 :: Spring Boot ::                (v2.4.1)

2022-02-25 14:15:31.642  INFO 14880 --- [    Test worker] c.h.g.s.web.HelloControllerTest          : Starting HelloControllerTest using Java 1.8.0_321 on DESKTOP-BUTUH8M with PID 14880 (started by haess in C:\workspace\IntelliJ)
2022-02-25 14:15:31.642  INFO 14880 --- [    Test worker] c.h.g.s.web.HelloControllerTest          : The following profiles are active: oauth
2022-02-25 14:15:32.445  INFO 14880 --- [    Test worker] o.s.s.concurrent.ThreadPoolTaskExecutor  : Initializing ExecutorService 'applicationTaskExecutor'
2022-02-25 14:15:32.538  INFO 14880 --- [    Test worker] o.s.b.a.w.s.WelcomePageHandlerMapping    : Adding welcome page template: index
2022-02-25 14:15:32.842  INFO 14880 --- [    Test worker] o.s.s.web.DefaultSecurityFilterChain     : Will secure any request with [org.springframework.security.web.context.request.async.WebAsyncManagerIntegrationFilter@1c20ba04, org.springframework.security.web.context.SecurityContextPersistenceFilter@6c63a6ba, org.springframework.security.web.header.HeaderWriterFilter@94867b5, org.springframework.security.web.csrf.CsrfFilter@d7d3975, org.springframework.security.web.authentication.logout.LogoutFilter@3e36359f, org.springframework.security.oauth2.client.web.OAuth2AuthorizationRequestRedirectFilter@7d180c53, org.springframework.security.oauth2.client.web.OAuth2AuthorizationRequestRedirectFilter@67c79752, org.springframework.security.oauth2.client.web.OAuth2LoginAuthenticationFilter@593119f9, org.springframework.security.web.authentication.ui.DefaultLoginPageGeneratingFilter@4b6cc233, org.springframework.security.web.authentication.ui.DefaultLogoutPageGeneratingFilter@7fc1f2b, org.springframework.security.web.savedrequest.RequestCacheAwareFilter@58178658, org.springframework.security.web.servletapi.SecurityContextHolderAwareRequestFilter@3136f2ba, org.springframework.security.web.authentication.AnonymousAuthenticationFilter@2bb8a8b7, org.springframework.security.oauth2.client.web.OAuth2AuthorizationCodeGrantFilter@2111bf3c, org.springframework.security.web.session.SessionManagementFilter@452510ff, org.springframework.security.web.access.ExceptionTranslationFilter@71a6d8f8, org.springframework.security.web.access.intercept.FilterSecurityInterceptor@358a684c]
2022-02-25 14:15:32.937  INFO 14880 --- [    Test worker] o.s.b.t.m.w.SpringBootMockServletContext : Initializing Spring TestDispatcherServlet ''
2022-02-25 14:15:32.937  INFO 14880 --- [    Test worker] o.s.t.web.servlet.TestDispatcherServlet  : Initializing Servlet ''
2022-02-25 14:15:32.938  INFO 14880 --- [    Test worker] o.s.t.web.servlet.TestDispatcherServlet  : Completed initialization in 1 ms
2022-02-25 14:15:32.954  INFO 14880 --- [    Test worker] c.h.g.s.web.HelloControllerTest          : Started HelloControllerTest in 1.586 seconds (JVM running for 2.368)
]]></system-out>
  <system-err><![CDATA[]]></system-err>
</testsuite>
