<?xml version="1.0" encoding="UTF-8"?>
<testsuite name="com.haessae0.goanywhere.springboot.web.IndexControllerTest" tests="1" skipped="0" failures="0" errors="0" timestamp="2022-03-02T10:58:15" hostname="DESKTOP-BUTUH8M" time="0.159">
  <properties/>
  <testcase name="loaded_Main()" classname="com.haessae0.goanywhere.springboot.web.IndexControllerTest" time="0.159"/>
  <system-out><![CDATA[2022-03-02 19:58:14.662  INFO 13184 --- [    Test worker] .b.t.c.SpringBootTestContextBootstrapper : Neither @ContextConfiguration nor @ContextHierarchy found for test class [com.haessae0.goanywhere.springboot.web.IndexControllerTest], using SpringBootContextLoader
2022-03-02 19:58:14.662  INFO 13184 --- [    Test worker] o.s.t.c.support.AbstractContextLoader    : Could not detect default resource locations for test class [com.haessae0.goanywhere.springboot.web.IndexControllerTest]: no resource found for suffixes {-context.xml, Context.groovy}.
2022-03-02 19:58:14.662  INFO 13184 --- [    Test worker] t.c.s.AnnotationConfigContextLoaderUtils : Could not detect default configuration classes for test class [com.haessae0.goanywhere.springboot.web.IndexControllerTest]: IndexControllerTest does not declare any static, non-private, non-final, nested classes annotated with @Configuration.
2022-03-02 19:58:14.662  INFO 13184 --- [    Test worker] .b.t.c.SpringBootTestContextBootstrapper : Found @SpringBootConfiguration com.haessae0.goanywhere.springboot.Application for test class com.haessae0.goanywhere.springboot.web.IndexControllerTest
2022-03-02 19:58:14.662  INFO 13184 --- [    Test worker] .b.t.c.SpringBootTestContextBootstrapper : Loaded default TestExecutionListener class names from location [META-INF/spring.factories]: [org.springframework.security.test.context.support.WithSecurityContextTestExecutionListener, org.springframework.security.test.context.support.ReactorContextTestExecutionListener, org.springframework.boot.test.autoconfigure.restdocs.RestDocsTestExecutionListener, org.springframework.boot.test.autoconfigure.web.client.MockRestServiceServerResetTestExecutionListener, org.springframework.boot.test.autoconfigure.web.servlet.MockMvcPrintOnlyOnFailureTestExecutionListener, org.springframework.boot.test.autoconfigure.web.servlet.WebDriverTestExecutionListener, org.springframework.boot.test.autoconfigure.webservices.client.MockWebServiceServerTestExecutionListener, org.springframework.boot.test.mock.mockito.MockitoTestExecutionListener, org.springframework.boot.test.mock.mockito.ResetMocksTestExecutionListener, org.springframework.test.context.web.ServletTestExecutionListener, org.springframework.test.context.support.DirtiesContextBeforeModesTestExecutionListener, org.springframework.test.context.support.DependencyInjectionTestExecutionListener, org.springframework.test.context.support.DirtiesContextTestExecutionListener, org.springframework.test.context.transaction.TransactionalTestExecutionListener, org.springframework.test.context.jdbc.SqlScriptsTestExecutionListener, org.springframework.test.context.event.EventPublishingTestExecutionListener]
2022-03-02 19:58:14.673  INFO 13184 --- [    Test worker] .b.t.c.SpringBootTestContextBootstrapper : Using TestExecutionListeners: [org.springframework.test.context.web.ServletTestExecutionListener@6c26150a, org.springframework.test.context.support.DirtiesContextBeforeModesTestExecutionListener@a68fe58, org.springframework.boot.test.mock.mockito.MockitoTestExecutionListener@26d28ab8, org.springframework.boot.test.autoconfigure.SpringBootDependencyInjectionTestExecutionListener@d4af2e9, org.springframework.test.context.support.DirtiesContextTestExecutionListener@5198380f, org.springframework.test.context.transaction.TransactionalTestExecutionListener@1c4f965a, org.springframework.test.context.jdbc.SqlScriptsTestExecutionListener@2e7a5821, org.springframework.security.test.context.support.WithSecurityContextTestExecutionListener@74fd2abd, org.springframework.test.context.event.EventPublishingTestExecutionListener@64352c6d, org.springframework.security.test.context.support.ReactorContextTestExecutionListener@4a89bf7, org.springframework.boot.test.autoconfigure.restdocs.RestDocsTestExecutionListener@786f7013, org.springframework.boot.test.autoconfigure.web.client.MockRestServiceServerResetTestExecutionListener@65da1561, org.springframework.boot.test.autoconfigure.web.servlet.MockMvcPrintOnlyOnFailureTestExecutionListener@28410bf3, org.springframework.boot.test.autoconfigure.web.servlet.WebDriverTestExecutionListener@68764a2f, org.springframework.boot.test.autoconfigure.webservices.client.MockWebServiceServerTestExecutionListener@6b9a50da, org.springframework.boot.test.mock.mockito.ResetMocksTestExecutionListener@5e5e21d5]

  .   ____          _            __ _ _
 /\\ / ___'_ __ _ _(_)_ __  __ _ \ \ \ \
( ( )\___ | '_ | '_| | '_ \/ _` | \ \ \ \
 \\/  ___)| |_)| | | | | || (_| |  ) ) ) )
  '  |____| .__|_| |_|_| |_\__, | / / / /
 =========|_|==============|___/=/_/_/_/
 :: Spring Boot ::                (v2.4.1)

2022-03-02 19:58:14.694  INFO 13184 --- [    Test worker] c.h.g.s.web.IndexControllerTest          : Starting IndexControllerTest using Java 1.8.0_321 on DESKTOP-BUTUH8M with PID 13184 (started by haess in C:\workspace\IntelliJ)
2022-03-02 19:58:14.694  INFO 13184 --- [    Test worker] c.h.g.s.web.IndexControllerTest          : The following profiles are active: oauth
2022-03-02 19:58:14.806  INFO 13184 --- [    Test worker] .s.d.r.c.RepositoryConfigurationDelegate : Bootstrapping Spring Data JPA repositories in DEFAULT mode.
2022-03-02 19:58:14.823  INFO 13184 --- [    Test worker] .s.d.r.c.RepositoryConfigurationDelegate : Finished Spring Data repository scanning in 11 ms. Found 2 JPA repository interfaces.
2022-03-02 19:58:15.064  INFO 13184 --- [    Test worker] o.s.b.w.embedded.tomcat.TomcatWebServer  : Tomcat initialized with port(s): 0 (http)
2022-03-02 19:58:15.073  INFO 13184 --- [    Test worker] o.apache.catalina.core.StandardService   : Starting service [Tomcat]
2022-03-02 19:58:15.073  INFO 13184 --- [    Test worker] org.apache.catalina.core.StandardEngine  : Starting Servlet engine: [Apache Tomcat/9.0.41]
2022-03-02 19:58:15.155  INFO 13184 --- [    Test worker] o.a.c.c.C.[Tomcat].[localhost].[/]       : Initializing Spring embedded WebApplicationContext
2022-03-02 19:58:15.155  INFO 13184 --- [    Test worker] w.s.c.ServletWebServerApplicationContext : Root WebApplicationContext: initialization completed in 461 ms
2022-03-02 19:58:15.186  INFO 13184 --- [    Test worker] com.zaxxer.hikari.HikariDataSource       : HikariPool-2 - Starting...
2022-03-02 19:58:15.186  INFO 13184 --- [    Test worker] com.zaxxer.hikari.HikariDataSource       : HikariPool-2 - Start completed.
2022-03-02 19:58:15.186  INFO 13184 --- [    Test worker] o.s.b.a.h2.H2ConsoleAutoConfiguration    : H2 console available at '/h2-console'. Database available at 'jdbc:h2:mem:testdb'
2022-03-02 19:58:15.250  INFO 13184 --- [    Test worker] o.hibernate.jpa.internal.util.LogHelper  : HHH000204: Processing PersistenceUnitInfo [name: default]
2022-03-02 19:58:15.250  INFO 13184 --- [    Test worker] org.hibernate.dialect.Dialect            : HHH000400: Using dialect: org.hibernate.dialect.MySQL57Dialect
Hibernate: drop table if exists posts
Hibernate: drop table if exists user
Hibernate: create table posts (id bigint not null auto_increment, created_date datetime(6), modified_date datetime(6), author varchar(255), content TEXT not null, title varchar(500) not null, primary key (id)) engine=InnoDB
Hibernate: create table user (id bigint not null auto_increment, created_date datetime(6), modified_date datetime(6), email varchar(255) not null, name varchar(255) not null, picture varchar(255), role varchar(255) not null, primary key (id)) engine=InnoDB
2022-03-02 19:58:15.289  INFO 13184 --- [    Test worker] o.h.e.t.j.p.i.JtaPlatformInitiator       : HHH000490: Using JtaPlatform implementation: [org.hibernate.engine.transaction.jta.platform.internal.NoJtaPlatform]
2022-03-02 19:58:15.289  INFO 13184 --- [    Test worker] j.LocalContainerEntityManagerFactoryBean : Initialized JPA EntityManagerFactory for persistence unit 'default'
2022-03-02 19:58:15.483  WARN 13184 --- [    Test worker] JpaBaseConfiguration$JpaWebConfiguration : spring.jpa.open-in-view is enabled by default. Therefore, database queries may be performed during view rendering. Explicitly configure spring.jpa.open-in-view to disable this warning
2022-03-02 19:58:15.598  INFO 13184 --- [    Test worker] o.s.s.web.DefaultSecurityFilterChain     : Will secure any request with [org.springframework.security.web.context.request.async.WebAsyncManagerIntegrationFilter@54b7ad95, org.springframework.security.web.context.SecurityContextPersistenceFilter@7fb7f4fa, org.springframework.security.web.header.HeaderWriterFilter@345f6a12, org.springframework.security.web.authentication.logout.LogoutFilter@6770461b, org.springframework.security.oauth2.client.web.OAuth2AuthorizationRequestRedirectFilter@35994710, org.springframework.security.oauth2.client.web.OAuth2LoginAuthenticationFilter@1e75dbc, org.springframework.security.web.authentication.ui.DefaultLoginPageGeneratingFilter@9f9c4ac, org.springframework.security.web.authentication.ui.DefaultLogoutPageGeneratingFilter@14c3c12e, org.springframework.security.web.savedrequest.RequestCacheAwareFilter@7aba99aa, org.springframework.security.web.servletapi.SecurityContextHolderAwareRequestFilter@35fa6315, org.springframework.security.web.authentication.AnonymousAuthenticationFilter@6b1da561, org.springframework.security.web.session.SessionManagementFilter@66cb5e98, org.springframework.security.web.access.ExceptionTranslationFilter@555a1a5c, org.springframework.security.web.access.intercept.FilterSecurityInterceptor@5d63baef]
2022-03-02 19:58:15.670  INFO 13184 --- [    Test worker] o.s.s.concurrent.ThreadPoolTaskExecutor  : Initializing ExecutorService 'applicationTaskExecutor'
2022-03-02 19:58:15.695  INFO 13184 --- [    Test worker] o.s.b.a.w.s.WelcomePageHandlerMapping    : Adding welcome page template: index
2022-03-02 19:58:15.846  INFO 13184 --- [    Test worker] o.s.b.w.embedded.tomcat.TomcatWebServer  : Tomcat started on port(s): 8530 (http) with context path ''
2022-03-02 19:58:15.847  INFO 13184 --- [    Test worker] s.a.ScheduledAnnotationBeanPostProcessor : No TaskScheduler/ScheduledExecutorService bean found for scheduled processing
2022-03-02 19:58:15.847  INFO 13184 --- [    Test worker] c.h.g.s.web.IndexControllerTest          : Started IndexControllerTest in 1.174 seconds (JVM running for 7.8)
2022-03-02 19:58:15.925  INFO 13184 --- [o-auto-1-exec-1] o.a.c.c.C.[Tomcat].[localhost].[/]       : Initializing Spring DispatcherServlet 'dispatcherServlet'
2022-03-02 19:58:15.925  INFO 13184 --- [o-auto-1-exec-1] o.s.web.servlet.DispatcherServlet        : Initializing Servlet 'dispatcherServlet'
2022-03-02 19:58:15.925  INFO 13184 --- [o-auto-1-exec-1] o.s.web.servlet.DispatcherServlet        : Completed initialization in 0 ms
Hibernate: select posts0_.id as id1_0_, posts0_.created_date as created_2_0_, posts0_.modified_date as modified3_0_, posts0_.author as author4_0_, posts0_.content as content5_0_, posts0_.title as title6_0_ from posts posts0_ order by posts0_.id DESC
]]></system-out>
  <system-err><![CDATA[]]></system-err>
</testsuite>
