<?xml version="1.0" encoding="UTF-8"?>
<testsuite name="com.haessae0.goanywhere.springboot.domain.posts.PostsRepositoryTest" tests="2" skipped="0" failures="0" errors="0" timestamp="2022-02-25T05:15:36" hostname="DESKTOP-BUTUH8M" time="0.153">
  <properties/>
  <testcase name="loaded_Post()" classname="com.haessae0.goanywhere.springboot.domain.posts.PostsRepositoryTest" time="0.143"/>
  <testcase name="registered_BaseTimeEntity()" classname="com.haessae0.goanywhere.springboot.domain.posts.PostsRepositoryTest" time="0.009"/>
  <system-out><![CDATA[2022-02-25 14:15:33.321  INFO 14880 --- [    Test worker] .b.t.c.SpringBootTestContextBootstrapper : Neither @ContextConfiguration nor @ContextHierarchy found for test class [com.haessae0.goanywhere.springboot.domain.posts.PostsRepositoryTest], using SpringBootContextLoader
2022-02-25 14:15:33.322  INFO 14880 --- [    Test worker] o.s.t.c.support.AbstractContextLoader    : Could not detect default resource locations for test class [com.haessae0.goanywhere.springboot.domain.posts.PostsRepositoryTest]: no resource found for suffixes {-context.xml, Context.groovy}.
2022-02-25 14:15:33.322  INFO 14880 --- [    Test worker] t.c.s.AnnotationConfigContextLoaderUtils : Could not detect default configuration classes for test class [com.haessae0.goanywhere.springboot.domain.posts.PostsRepositoryTest]: PostsRepositoryTest does not declare any static, non-private, non-final, nested classes annotated with @Configuration.
2022-02-25 14:15:33.324  INFO 14880 --- [    Test worker] .b.t.c.SpringBootTestContextBootstrapper : Found @SpringBootConfiguration com.haessae0.goanywhere.springboot.Application for test class com.haessae0.goanywhere.springboot.domain.posts.PostsRepositoryTest
2022-02-25 14:15:33.329  INFO 14880 --- [    Test worker] .b.t.c.SpringBootTestContextBootstrapper : Loaded default TestExecutionListener class names from location [META-INF/spring.factories]: [org.springframework.security.test.context.support.WithSecurityContextTestExecutionListener, org.springframework.security.test.context.support.ReactorContextTestExecutionListener, org.springframework.boot.test.autoconfigure.restdocs.RestDocsTestExecutionListener, org.springframework.boot.test.autoconfigure.web.client.MockRestServiceServerResetTestExecutionListener, org.springframework.boot.test.autoconfigure.web.servlet.MockMvcPrintOnlyOnFailureTestExecutionListener, org.springframework.boot.test.autoconfigure.web.servlet.WebDriverTestExecutionListener, org.springframework.boot.test.autoconfigure.webservices.client.MockWebServiceServerTestExecutionListener, org.springframework.boot.test.mock.mockito.MockitoTestExecutionListener, org.springframework.boot.test.mock.mockito.ResetMocksTestExecutionListener, org.springframework.test.context.web.ServletTestExecutionListener, org.springframework.test.context.support.DirtiesContextBeforeModesTestExecutionListener, org.springframework.test.context.support.DependencyInjectionTestExecutionListener, org.springframework.test.context.support.DirtiesContextTestExecutionListener, org.springframework.test.context.transaction.TransactionalTestExecutionListener, org.springframework.test.context.jdbc.SqlScriptsTestExecutionListener, org.springframework.test.context.event.EventPublishingTestExecutionListener]
2022-02-25 14:15:33.329  INFO 14880 --- [    Test worker] .b.t.c.SpringBootTestContextBootstrapper : Using TestExecutionListeners: [org.springframework.test.context.web.ServletTestExecutionListener@4da88f4e, org.springframework.test.context.support.DirtiesContextBeforeModesTestExecutionListener@5ff6b365, org.springframework.boot.test.mock.mockito.MockitoTestExecutionListener@4e880902, org.springframework.boot.test.autoconfigure.SpringBootDependencyInjectionTestExecutionListener@657c80b1, org.springframework.test.context.support.DirtiesContextTestExecutionListener@6c27b1af, org.springframework.test.context.transaction.TransactionalTestExecutionListener@6204ad5, org.springframework.test.context.jdbc.SqlScriptsTestExecutionListener@86e930a, org.springframework.security.test.context.support.WithSecurityContextTestExecutionListener@916f3be, org.springframework.test.context.event.EventPublishingTestExecutionListener@58ed81fa, org.springframework.security.test.context.support.ReactorContextTestExecutionListener@5c9f0ed0, org.springframework.boot.test.autoconfigure.restdocs.RestDocsTestExecutionListener@2095208a, org.springframework.boot.test.autoconfigure.web.client.MockRestServiceServerResetTestExecutionListener@1e20ac25, org.springframework.boot.test.autoconfigure.web.servlet.MockMvcPrintOnlyOnFailureTestExecutionListener@2a761c4a, org.springframework.boot.test.autoconfigure.web.servlet.WebDriverTestExecutionListener@ebb6e5a, org.springframework.boot.test.autoconfigure.webservices.client.MockWebServiceServerTestExecutionListener@7a39e77, org.springframework.boot.test.mock.mockito.ResetMocksTestExecutionListener@1cf95b22]

  .   ____          _            __ _ _
 /\\ / ___'_ __ _ _(_)_ __  __ _ \ \ \ \
( ( )\___ | '_ | '_| | '_ \/ _` | \ \ \ \
 \\/  ___)| |_)| | | | | || (_| |  ) ) ) )
  '  |____| .__|_| |_|_| |_\__, | / / / /
 =========|_|==============|___/=/_/_/_/
 :: Spring Boot ::                (v2.4.1)

2022-02-25 14:15:33.354  INFO 14880 --- [    Test worker] c.h.g.s.d.posts.PostsRepositoryTest      : Starting PostsRepositoryTest using Java 1.8.0_321 on DESKTOP-BUTUH8M with PID 14880 (started by haess in C:\workspace\IntelliJ)
2022-02-25 14:15:33.354  INFO 14880 --- [    Test worker] c.h.g.s.d.posts.PostsRepositoryTest      : The following profiles are active: oauth
2022-02-25 14:15:33.597  INFO 14880 --- [    Test worker] .s.d.r.c.RepositoryConfigurationDelegate : Bootstrapping Spring Data JPA repositories in DEFAULT mode.
2022-02-25 14:15:33.617  INFO 14880 --- [    Test worker] .s.d.r.c.RepositoryConfigurationDelegate : Finished Spring Data repository scanning in 31 ms. Found 2 JPA repository interfaces.
2022-02-25 14:15:33.872  INFO 14880 --- [    Test worker] com.zaxxer.hikari.HikariDataSource       : HikariPool-1 - Starting...
2022-02-25 14:15:34.005  INFO 14880 --- [    Test worker] com.zaxxer.hikari.HikariDataSource       : HikariPool-1 - Start completed.
2022-02-25 14:15:34.054  INFO 14880 --- [    Test worker] o.hibernate.jpa.internal.util.LogHelper  : HHH000204: Processing PersistenceUnitInfo [name: default]
2022-02-25 14:15:34.101  INFO 14880 --- [    Test worker] org.hibernate.Version                    : HHH000412: Hibernate ORM core version 5.4.25.Final
2022-02-25 14:15:34.134  INFO 14880 --- [    Test worker] o.hibernate.annotations.common.Version   : HCANN000001: Hibernate Commons Annotations {5.1.2.Final}
2022-02-25 14:15:34.229  INFO 14880 --- [    Test worker] org.hibernate.dialect.Dialect            : HHH000400: Using dialect: org.hibernate.dialect.MySQL57Dialect
Hibernate: drop table if exists posts
Hibernate: drop table if exists user
Hibernate: create table posts (id bigint not null auto_increment, created_date datetime(6), modified_date datetime(6), author varchar(255), content TEXT not null, title varchar(500) not null, primary key (id)) engine=InnoDB
Hibernate: create table user (id bigint not null auto_increment, created_date datetime(6), modified_date datetime(6), email varchar(255) not null, name varchar(255) not null, picture varchar(255), role varchar(255) not null, primary key (id)) engine=InnoDB
2022-02-25 14:15:34.728  INFO 14880 --- [    Test worker] o.h.e.t.j.p.i.JtaPlatformInitiator       : HHH000490: Using JtaPlatform implementation: [org.hibernate.engine.transaction.jta.platform.internal.NoJtaPlatform]
2022-02-25 14:15:34.744  INFO 14880 --- [    Test worker] j.LocalContainerEntityManagerFactoryBean : Initialized JPA EntityManagerFactory for persistence unit 'default'
2022-02-25 14:15:35.101  WARN 14880 --- [    Test worker] JpaBaseConfiguration$JpaWebConfiguration : spring.jpa.open-in-view is enabled by default. Therefore, database queries may be performed during view rendering. Explicitly configure spring.jpa.open-in-view to disable this warning
2022-02-25 14:15:35.521  INFO 14880 --- [    Test worker] o.s.s.web.DefaultSecurityFilterChain     : Will secure any request with [org.springframework.security.web.context.request.async.WebAsyncManagerIntegrationFilter@50683684, org.springframework.security.web.context.SecurityContextPersistenceFilter@4ec74df0, org.springframework.security.web.header.HeaderWriterFilter@3c76de09, org.springframework.security.web.authentication.logout.LogoutFilter@1fee4e2, org.springframework.security.oauth2.client.web.OAuth2AuthorizationRequestRedirectFilter@29807648, org.springframework.security.oauth2.client.web.OAuth2LoginAuthenticationFilter@22063beb, org.springframework.security.web.authentication.ui.DefaultLoginPageGeneratingFilter@7743e801, org.springframework.security.web.authentication.ui.DefaultLogoutPageGeneratingFilter@7fe44d55, org.springframework.security.web.savedrequest.RequestCacheAwareFilter@68990366, org.springframework.security.web.servletapi.SecurityContextHolderAwareRequestFilter@62951eea, org.springframework.security.web.authentication.AnonymousAuthenticationFilter@557c56d7, org.springframework.security.web.session.SessionManagementFilter@688fa990, org.springframework.security.web.access.ExceptionTranslationFilter@1bc7a7e1, org.springframework.security.web.access.intercept.FilterSecurityInterceptor@78b145ba]
2022-02-25 14:15:35.785  INFO 14880 --- [    Test worker] o.s.s.concurrent.ThreadPoolTaskExecutor  : Initializing ExecutorService 'applicationTaskExecutor'
2022-02-25 14:15:35.794  INFO 14880 --- [    Test worker] o.s.b.a.h2.H2ConsoleAutoConfiguration    : H2 console available at '/h2-console'. Database available at 'jdbc:h2:mem:testdb'
2022-02-25 14:15:35.821  INFO 14880 --- [    Test worker] o.s.b.a.w.s.WelcomePageHandlerMapping    : Adding welcome page template: index
2022-02-25 14:15:36.079  INFO 14880 --- [    Test worker] s.a.ScheduledAnnotationBeanPostProcessor : No TaskScheduler/ScheduledExecutorService bean found for scheduled processing
2022-02-25 14:15:36.087  INFO 14880 --- [    Test worker] c.h.g.s.d.posts.PostsRepositoryTest      : Started PostsRepositoryTest in 2.754 seconds (JVM running for 5.493)
Hibernate: insert into posts (created_date, modified_date, author, content, title) values (?, ?, ?, ?, ?)
Hibernate: select posts0_.id as id1_0_, posts0_.created_date as created_2_0_, posts0_.modified_date as modified3_0_, posts0_.author as author4_0_, posts0_.content as content5_0_, posts0_.title as title6_0_ from posts posts0_
Hibernate: select posts0_.id as id1_0_, posts0_.created_date as created_2_0_, posts0_.modified_date as modified3_0_, posts0_.author as author4_0_, posts0_.content as content5_0_, posts0_.title as title6_0_ from posts posts0_
Hibernate: delete from posts where id=?
Hibernate: insert into posts (created_date, modified_date, author, content, title) values (?, ?, ?, ?, ?)
Hibernate: select posts0_.id as id1_0_, posts0_.created_date as created_2_0_, posts0_.modified_date as modified3_0_, posts0_.author as author4_0_, posts0_.content as content5_0_, posts0_.title as title6_0_ from posts posts0_
>>>>>>>>>> createDate=2022-02-25T14:15:36.230,modifiedDate=2022-02-25T14:15:36.230
Hibernate: select posts0_.id as id1_0_, posts0_.created_date as created_2_0_, posts0_.modified_date as modified3_0_, posts0_.author as author4_0_, posts0_.content as content5_0_, posts0_.title as title6_0_ from posts posts0_
Hibernate: delete from posts where id=?
]]></system-out>
  <system-err><![CDATA[]]></system-err>
</testsuite>
