<?xml version="1.0" encoding="UTF-8"?>
<testsuite name="com.haessae0.goanywhere.springboot.web.PostsApiControllerTest" tests="2" skipped="0" failures="0" errors="0" timestamp="2022-03-07T10:46:26" hostname="DESKTOP-BUTUH8M" time="0.08">
  <properties/>
  <testcase name="modified_Posts()" classname="com.haessae0.goanywhere.springboot.web.PostsApiControllerTest" time="0.065"/>
  <testcase name="registered_Posts()" classname="com.haessae0.goanywhere.springboot.web.PostsApiControllerTest" time="0.014"/>
  <system-out><![CDATA[2022-03-07 19:46:26.628  INFO 17016 --- [    Test worker] .b.t.c.SpringBootTestContextBootstrapper : Neither @ContextConfiguration nor @ContextHierarchy found for test class [com.haessae0.goanywhere.springboot.web.PostsApiControllerTest], using SpringBootContextLoader
2022-03-07 19:46:26.628  INFO 17016 --- [    Test worker] o.s.t.c.support.AbstractContextLoader    : Could not detect default resource locations for test class [com.haessae0.goanywhere.springboot.web.PostsApiControllerTest]: no resource found for suffixes {-context.xml, Context.groovy}.
2022-03-07 19:46:26.628  INFO 17016 --- [    Test worker] t.c.s.AnnotationConfigContextLoaderUtils : Could not detect default configuration classes for test class [com.haessae0.goanywhere.springboot.web.PostsApiControllerTest]: PostsApiControllerTest does not declare any static, non-private, non-final, nested classes annotated with @Configuration.
2022-03-07 19:46:26.628  INFO 17016 --- [    Test worker] .b.t.c.SpringBootTestContextBootstrapper : Found @SpringBootConfiguration com.haessae0.goanywhere.Application for test class com.haessae0.goanywhere.springboot.web.PostsApiControllerTest
2022-03-07 19:46:26.628  INFO 17016 --- [    Test worker] .b.t.c.SpringBootTestContextBootstrapper : Loaded default TestExecutionListener class names from location [META-INF/spring.factories]: [org.springframework.security.test.context.support.WithSecurityContextTestExecutionListener, org.springframework.security.test.context.support.ReactorContextTestExecutionListener, org.springframework.boot.test.autoconfigure.restdocs.RestDocsTestExecutionListener, org.springframework.boot.test.autoconfigure.web.client.MockRestServiceServerResetTestExecutionListener, org.springframework.boot.test.autoconfigure.web.servlet.MockMvcPrintOnlyOnFailureTestExecutionListener, org.springframework.boot.test.autoconfigure.web.servlet.WebDriverTestExecutionListener, org.springframework.boot.test.autoconfigure.webservices.client.MockWebServiceServerTestExecutionListener, org.springframework.boot.test.mock.mockito.MockitoTestExecutionListener, org.springframework.boot.test.mock.mockito.ResetMocksTestExecutionListener, org.springframework.test.context.web.ServletTestExecutionListener, org.springframework.test.context.support.DirtiesContextBeforeModesTestExecutionListener, org.springframework.test.context.support.DependencyInjectionTestExecutionListener, org.springframework.test.context.support.DirtiesContextTestExecutionListener, org.springframework.test.context.transaction.TransactionalTestExecutionListener, org.springframework.test.context.jdbc.SqlScriptsTestExecutionListener, org.springframework.test.context.event.EventPublishingTestExecutionListener]
2022-03-07 19:46:26.628  INFO 17016 --- [    Test worker] .b.t.c.SpringBootTestContextBootstrapper : Using TestExecutionListeners: [org.springframework.test.context.web.ServletTestExecutionListener@2e16dedc, org.springframework.test.context.support.DirtiesContextBeforeModesTestExecutionListener@5600e74e, org.springframework.boot.test.mock.mockito.MockitoTestExecutionListener@14ff8778, org.springframework.boot.test.autoconfigure.SpringBootDependencyInjectionTestExecutionListener@68faacbd, org.springframework.test.context.support.DirtiesContextTestExecutionListener@70826f40, org.springframework.test.context.transaction.TransactionalTestExecutionListener@21e9cc89, org.springframework.test.context.jdbc.SqlScriptsTestExecutionListener@49454b8b, org.springframework.security.test.context.support.WithSecurityContextTestExecutionListener@74e7995a, org.springframework.test.context.event.EventPublishingTestExecutionListener@177c00e9, org.springframework.security.test.context.support.ReactorContextTestExecutionListener@789e0b0b, org.springframework.boot.test.autoconfigure.restdocs.RestDocsTestExecutionListener@1be40e80, org.springframework.boot.test.autoconfigure.web.client.MockRestServiceServerResetTestExecutionListener@538169ef, org.springframework.boot.test.autoconfigure.web.servlet.MockMvcPrintOnlyOnFailureTestExecutionListener@240d503e, org.springframework.boot.test.autoconfigure.web.servlet.WebDriverTestExecutionListener@2c43d1e7, org.springframework.boot.test.autoconfigure.webservices.client.MockWebServiceServerTestExecutionListener@17e84ae1, org.springframework.boot.test.mock.mockito.ResetMocksTestExecutionListener@4f7e97e2]
2022-03-07 19:46:26.644  INFO 17016 --- [    Test worker] o.a.c.c.C.[Tomcat].[localhost].[/]       : Initializing Spring TestDispatcherServlet ''
2022-03-07 19:46:26.644  INFO 17016 --- [    Test worker] o.s.t.web.servlet.TestDispatcherServlet  : Initializing Servlet ''
2022-03-07 19:46:26.644  INFO 17016 --- [    Test worker] o.s.t.web.servlet.TestDispatcherServlet  : Completed initialization in 0 ms
Hibernate: insert into posts (created_date, modified_date, author, content, title) values (?, ?, ?, ?, ?)
Hibernate: select posts0_.id as id1_0_0_, posts0_.created_date as created_2_0_0_, posts0_.modified_date as modified3_0_0_, posts0_.author as author4_0_0_, posts0_.content as content5_0_0_, posts0_.title as title6_0_0_ from posts posts0_ where posts0_.id=?
Hibernate: update posts set created_date=?, modified_date=?, author=?, content=?, title=? where id=?
Hibernate: select posts0_.id as id1_0_, posts0_.created_date as created_2_0_, posts0_.modified_date as modified3_0_, posts0_.author as author4_0_, posts0_.content as content5_0_, posts0_.title as title6_0_ from posts posts0_
Hibernate: select posts0_.id as id1_0_, posts0_.created_date as created_2_0_, posts0_.modified_date as modified3_0_, posts0_.author as author4_0_, posts0_.content as content5_0_, posts0_.title as title6_0_ from posts posts0_
Hibernate: delete from posts where id=?
2022-03-07 19:46:26.710  INFO 17016 --- [    Test worker] o.a.c.c.C.[Tomcat].[localhost].[/]       : Initializing Spring TestDispatcherServlet ''
2022-03-07 19:46:26.710  INFO 17016 --- [    Test worker] o.s.t.web.servlet.TestDispatcherServlet  : Initializing Servlet ''
2022-03-07 19:46:26.710  INFO 17016 --- [    Test worker] o.s.t.web.servlet.TestDispatcherServlet  : Completed initialization in 0 ms
Hibernate: insert into posts (created_date, modified_date, author, content, title) values (?, ?, ?, ?, ?)
Hibernate: select posts0_.id as id1_0_, posts0_.created_date as created_2_0_, posts0_.modified_date as modified3_0_, posts0_.author as author4_0_, posts0_.content as content5_0_, posts0_.title as title6_0_ from posts posts0_
Hibernate: select posts0_.id as id1_0_, posts0_.created_date as created_2_0_, posts0_.modified_date as modified3_0_, posts0_.author as author4_0_, posts0_.content as content5_0_, posts0_.title as title6_0_ from posts posts0_
Hibernate: delete from posts where id=?
]]></system-out>
  <system-err><![CDATA[]]></system-err>
</testsuite>
