<?xml version="1.0" encoding="UTF-8"?>
<testsuite name="com.haessae0.goanywhere.springboot.web.IndexControllerTest" tests="1" skipped="0" failures="0" errors="0" timestamp="2022-03-07T11:51:21" hostname="DESKTOP-BUTUH8M" time="0.181">
  <properties/>
  <testcase name="loaded_Main()" classname="com.haessae0.goanywhere.springboot.web.IndexControllerTest" time="0.181"/>
  <system-out><![CDATA[2022-03-07 20:51:19.833  INFO 3868 --- [    Test worker] .b.t.c.SpringBootTestContextBootstrapper : Neither @ContextConfiguration nor @ContextHierarchy found for test class [com.haessae0.goanywhere.springboot.web.IndexControllerTest], using SpringBootContextLoader
2022-03-07 20:51:19.833  INFO 3868 --- [    Test worker] o.s.t.c.support.AbstractContextLoader    : Could not detect default resource locations for test class [com.haessae0.goanywhere.springboot.web.IndexControllerTest]: no resource found for suffixes {-context.xml, Context.groovy}.
2022-03-07 20:51:19.833  INFO 3868 --- [    Test worker] t.c.s.AnnotationConfigContextLoaderUtils : Could not detect default configuration classes for test class [com.haessae0.goanywhere.springboot.web.IndexControllerTest]: IndexControllerTest does not declare any static, non-private, non-final, nested classes annotated with @Configuration.
2022-03-07 20:51:19.833  INFO 3868 --- [    Test worker] .b.t.c.SpringBootTestContextBootstrapper : Found @SpringBootConfiguration com.haessae0.goanywhere.Application for test class com.haessae0.goanywhere.springboot.web.IndexControllerTest
2022-03-07 20:51:19.849  INFO 3868 --- [    Test worker] .b.t.c.SpringBootTestContextBootstrapper : Loaded default TestExecutionListener class names from location [META-INF/spring.factories]: [org.springframework.security.test.context.support.WithSecurityContextTestExecutionListener, org.springframework.security.test.context.support.ReactorContextTestExecutionListener, org.springframework.boot.test.autoconfigure.restdocs.RestDocsTestExecutionListener, org.springframework.boot.test.autoconfigure.web.client.MockRestServiceServerResetTestExecutionListener, org.springframework.boot.test.autoconfigure.web.servlet.MockMvcPrintOnlyOnFailureTestExecutionListener, org.springframework.boot.test.autoconfigure.web.servlet.WebDriverTestExecutionListener, org.springframework.boot.test.autoconfigure.webservices.client.MockWebServiceServerTestExecutionListener, org.springframework.boot.test.mock.mockito.MockitoTestExecutionListener, org.springframework.boot.test.mock.mockito.ResetMocksTestExecutionListener, org.springframework.test.context.web.ServletTestExecutionListener, org.springframework.test.context.support.DirtiesContextBeforeModesTestExecutionListener, org.springframework.test.context.support.DependencyInjectionTestExecutionListener, org.springframework.test.context.support.DirtiesContextTestExecutionListener, org.springframework.test.context.transaction.TransactionalTestExecutionListener, org.springframework.test.context.jdbc.SqlScriptsTestExecutionListener, org.springframework.test.context.event.EventPublishingTestExecutionListener]
2022-03-07 20:51:19.849  INFO 3868 --- [    Test worker] .b.t.c.SpringBootTestContextBootstrapper : Using TestExecutionListeners: [org.springframework.test.context.web.ServletTestExecutionListener@5eb68822, org.springframework.test.context.support.DirtiesContextBeforeModesTestExecutionListener@4b655b8c, org.springframework.boot.test.mock.mockito.MockitoTestExecutionListener@7e5cca04, org.springframework.boot.test.autoconfigure.SpringBootDependencyInjectionTestExecutionListener@281f791f, org.springframework.test.context.support.DirtiesContextTestExecutionListener@420203a6, org.springframework.test.context.transaction.TransactionalTestExecutionListener@235a8951, org.springframework.test.context.jdbc.SqlScriptsTestExecutionListener@3bce7bd4, org.springframework.security.test.context.support.WithSecurityContextTestExecutionListener@684a2a33, org.springframework.test.context.event.EventPublishingTestExecutionListener@3a070baf, org.springframework.security.test.context.support.ReactorContextTestExecutionListener@4d601dbf, org.springframework.boot.test.autoconfigure.restdocs.RestDocsTestExecutionListener@538df1c, org.springframework.boot.test.autoconfigure.web.client.MockRestServiceServerResetTestExecutionListener@3c1a763a, org.springframework.boot.test.autoconfigure.web.servlet.MockMvcPrintOnlyOnFailureTestExecutionListener@3e425865, org.springframework.boot.test.autoconfigure.web.servlet.WebDriverTestExecutionListener@738237f7, org.springframework.boot.test.autoconfigure.webservices.client.MockWebServiceServerTestExecutionListener@3081c6a4, org.springframework.boot.test.mock.mockito.ResetMocksTestExecutionListener@5fc5dd28]

  .   ____          _            __ _ _
 /\\ / ___'_ __ _ _(_)_ __  __ _ \ \ \ \
( ( )\___ | '_ | '_| | '_ \/ _` | \ \ \ \
 \\/  ___)| |_)| | | | | || (_| |  ) ) ) )
  '  |____| .__|_| |_|_| |_\__, | / / / /
 =========|_|==============|___/=/_/_/_/
 :: Spring Boot ::                (v2.4.1)

2022-03-07 20:51:19.865  INFO 3868 --- [    Test worker] c.h.g.s.web.IndexControllerTest          : Starting IndexControllerTest using Java 1.8.0_321 on DESKTOP-BUTUH8M with PID 3868 (started by haess in C:\workspace\IntelliJ)
2022-03-07 20:51:19.865  INFO 3868 --- [    Test worker] c.h.g.s.web.IndexControllerTest          : No active profile set, falling back to default profiles: default
2022-03-07 20:51:19.961  INFO 3868 --- [    Test worker] .s.d.r.c.RepositoryConfigurationDelegate : Bootstrapping Spring Data JPA repositories in DEFAULT mode.
2022-03-07 20:51:19.980  INFO 3868 --- [    Test worker] .s.d.r.c.RepositoryConfigurationDelegate : Finished Spring Data repository scanning in 12 ms. Found 2 JPA repository interfaces.
2022-03-07 20:51:20.197  INFO 3868 --- [    Test worker] o.s.b.w.embedded.tomcat.TomcatWebServer  : Tomcat initialized with port(s): 0 (http)
2022-03-07 20:51:20.213  INFO 3868 --- [    Test worker] o.apache.catalina.core.StandardService   : Starting service [Tomcat]
2022-03-07 20:51:20.213  INFO 3868 --- [    Test worker] org.apache.catalina.core.StandardEngine  : Starting Servlet engine: [Apache Tomcat/9.0.41]
2022-03-07 20:51:20.289  INFO 3868 --- [    Test worker] o.a.c.c.C.[Tomcat].[localhost].[/]       : Initializing Spring embedded WebApplicationContext
2022-03-07 20:51:20.289  INFO 3868 --- [    Test worker] w.s.c.ServletWebServerApplicationContext : Root WebApplicationContext: initialization completed in 424 ms
2022-03-07 20:51:20.352  INFO 3868 --- [    Test worker] com.zaxxer.hikari.HikariDataSource       : HikariPool-2 - Starting...
2022-03-07 20:51:20.352  INFO 3868 --- [    Test worker] com.zaxxer.hikari.HikariDataSource       : HikariPool-2 - Start completed.
2022-03-07 20:51:20.352  INFO 3868 --- [    Test worker] o.s.b.a.h2.H2ConsoleAutoConfiguration    : H2 console available at '/h2-console'. Database available at 'jdbc:h2:mem:testdb'
2022-03-07 20:51:20.447  INFO 3868 --- [    Test worker] o.hibernate.jpa.internal.util.LogHelper  : HHH000204: Processing PersistenceUnitInfo [name: default]
2022-03-07 20:51:20.447  INFO 3868 --- [    Test worker] org.hibernate.dialect.Dialect            : HHH000400: Using dialect: org.hibernate.dialect.MySQL5InnoDBDialect
Hibernate: drop table if exists posts
Hibernate: drop table if exists user
Hibernate: create table posts (id bigint not null auto_increment, created_date datetime, modified_date datetime, author varchar(255), content TEXT not null, title varchar(500) not null, primary key (id)) engine=InnoDB
Hibernate: create table user (id bigint not null auto_increment, created_date datetime, modified_date datetime, email varchar(255) not null, name varchar(255) not null, picture varchar(255), role varchar(255) not null, primary key (id)) engine=InnoDB
2022-03-07 20:51:20.500  INFO 3868 --- [    Test worker] o.h.e.t.j.p.i.JtaPlatformInitiator       : HHH000490: Using JtaPlatform implementation: [org.hibernate.engine.transaction.jta.platform.internal.NoJtaPlatform]
2022-03-07 20:51:20.500  INFO 3868 --- [    Test worker] j.LocalContainerEntityManagerFactoryBean : Initialized JPA EntityManagerFactory for persistence unit 'default'
2022-03-07 20:51:20.650  WARN 3868 --- [    Test worker] JpaBaseConfiguration$JpaWebConfiguration : spring.jpa.open-in-view is enabled by default. Therefore, database queries may be performed during view rendering. Explicitly configure spring.jpa.open-in-view to disable this warning
2022-03-07 20:51:20.778  INFO 3868 --- [    Test worker] o.s.s.web.DefaultSecurityFilterChain     : Will secure any request with [org.springframework.security.web.context.request.async.WebAsyncManagerIntegrationFilter@4ee2bbba, org.springframework.security.web.context.SecurityContextPersistenceFilter@5eba76a9, org.springframework.security.web.header.HeaderWriterFilter@e675524, org.springframework.security.web.authentication.logout.LogoutFilter@12a30b55, org.springframework.security.oauth2.client.web.OAuth2AuthorizationRequestRedirectFilter@2f5c1595, org.springframework.security.oauth2.client.web.OAuth2LoginAuthenticationFilter@7ba11bbe, org.springframework.security.web.authentication.ui.DefaultLoginPageGeneratingFilter@55276248, org.springframework.security.web.authentication.ui.DefaultLogoutPageGeneratingFilter@5aaa9e34, org.springframework.security.web.savedrequest.RequestCacheAwareFilter@41217dbf, org.springframework.security.web.servletapi.SecurityContextHolderAwareRequestFilter@75dbdeca, org.springframework.security.web.authentication.AnonymousAuthenticationFilter@1515d849, org.springframework.security.web.session.SessionManagementFilter@52ee4647, org.springframework.security.web.access.ExceptionTranslationFilter@e622cc5, org.springframework.security.web.access.intercept.FilterSecurityInterceptor@5f5970b2]
2022-03-07 20:51:20.844  INFO 3868 --- [    Test worker] o.s.s.concurrent.ThreadPoolTaskExecutor  : Initializing ExecutorService 'applicationTaskExecutor'
2022-03-07 20:51:20.876  INFO 3868 --- [    Test worker] o.s.b.a.w.s.WelcomePageHandlerMapping    : Adding welcome page template: index
2022-03-07 20:51:21.006  INFO 3868 --- [    Test worker] o.s.b.w.embedded.tomcat.TomcatWebServer  : Tomcat started on port(s): 12377 (http) with context path ''
2022-03-07 20:51:21.006  INFO 3868 --- [    Test worker] s.a.ScheduledAnnotationBeanPostProcessor : No TaskScheduler/ScheduledExecutorService bean found for scheduled processing
2022-03-07 20:51:21.006  INFO 3868 --- [    Test worker] c.h.g.s.web.IndexControllerTest          : Started IndexControllerTest in 1.159 seconds (JVM running for 6.068)
2022-03-07 20:51:21.099  INFO 3868 --- [o-auto-1-exec-1] o.a.c.c.C.[Tomcat].[localhost].[/]       : Initializing Spring DispatcherServlet 'dispatcherServlet'
2022-03-07 20:51:21.099  INFO 3868 --- [o-auto-1-exec-1] o.s.web.servlet.DispatcherServlet        : Initializing Servlet 'dispatcherServlet'
2022-03-07 20:51:21.099  INFO 3868 --- [o-auto-1-exec-1] o.s.web.servlet.DispatcherServlet        : Completed initialization in 0 ms
Hibernate: select posts0_.id as id1_0_, posts0_.created_date as created_2_0_, posts0_.modified_date as modified3_0_, posts0_.author as author4_0_, posts0_.content as content5_0_, posts0_.title as title6_0_ from posts posts0_ order by posts0_.id DESC
]]></system-out>
  <system-err><![CDATA[]]></system-err>
</testsuite>
