<?xml version="1.0" encoding="UTF-8"?>
<testsuite name="com.haessae0.goanywhere.springboot.web.HelloControllerTest" tests="2" skipped="0" failures="0" errors="0" timestamp="2022-03-07T11:51:21" hostname="DESKTOP-BUTUH8M" time="0.031">
  <properties/>
  <testcase name="returned_hello()" classname="com.haessae0.goanywhere.springboot.web.HelloControllerTest" time="0.012"/>
  <testcase name="returned_helloDto()" classname="com.haessae0.goanywhere.springboot.web.HelloControllerTest" time="0.018"/>
  <system-out><![CDATA[2022-03-07 20:51:21.336  INFO 3868 --- [    Test worker] .b.t.a.w.s.WebMvcTestContextBootstrapper : Neither @ContextConfiguration nor @ContextHierarchy found for test class [com.haessae0.goanywhere.springboot.web.HelloControllerTest], using SpringBootContextLoader
2022-03-07 20:51:21.345  INFO 3868 --- [    Test worker] o.s.t.c.support.AbstractContextLoader    : Could not detect default resource locations for test class [com.haessae0.goanywhere.springboot.web.HelloControllerTest]: no resource found for suffixes {-context.xml, Context.groovy}.
2022-03-07 20:51:21.345  INFO 3868 --- [    Test worker] t.c.s.AnnotationConfigContextLoaderUtils : Could not detect default configuration classes for test class [com.haessae0.goanywhere.springboot.web.HelloControllerTest]: HelloControllerTest does not declare any static, non-private, non-final, nested classes annotated with @Configuration.
2022-03-07 20:51:21.345  INFO 3868 --- [    Test worker] .b.t.c.SpringBootTestContextBootstrapper : Found @SpringBootConfiguration com.haessae0.goanywhere.Application for test class com.haessae0.goanywhere.springboot.web.HelloControllerTest
2022-03-07 20:51:21.345  INFO 3868 --- [    Test worker] .b.t.a.w.s.WebMvcTestContextBootstrapper : Loaded default TestExecutionListener class names from location [META-INF/spring.factories]: [org.springframework.security.test.context.support.WithSecurityContextTestExecutionListener, org.springframework.security.test.context.support.ReactorContextTestExecutionListener, org.springframework.boot.test.autoconfigure.restdocs.RestDocsTestExecutionListener, org.springframework.boot.test.autoconfigure.web.client.MockRestServiceServerResetTestExecutionListener, org.springframework.boot.test.autoconfigure.web.servlet.MockMvcPrintOnlyOnFailureTestExecutionListener, org.springframework.boot.test.autoconfigure.web.servlet.WebDriverTestExecutionListener, org.springframework.boot.test.autoconfigure.webservices.client.MockWebServiceServerTestExecutionListener, org.springframework.boot.test.mock.mockito.MockitoTestExecutionListener, org.springframework.boot.test.mock.mockito.ResetMocksTestExecutionListener, org.springframework.test.context.web.ServletTestExecutionListener, org.springframework.test.context.support.DirtiesContextBeforeModesTestExecutionListener, org.springframework.test.context.support.DependencyInjectionTestExecutionListener, org.springframework.test.context.support.DirtiesContextTestExecutionListener, org.springframework.test.context.transaction.TransactionalTestExecutionListener, org.springframework.test.context.jdbc.SqlScriptsTestExecutionListener, org.springframework.test.context.event.EventPublishingTestExecutionListener]
2022-03-07 20:51:21.345  INFO 3868 --- [    Test worker] .b.t.a.w.s.WebMvcTestContextBootstrapper : Using TestExecutionListeners: [org.springframework.test.context.web.ServletTestExecutionListener@23436f22, org.springframework.test.context.support.DirtiesContextBeforeModesTestExecutionListener@c58c7f7, org.springframework.boot.test.mock.mockito.MockitoTestExecutionListener@476fe9bf, org.springframework.boot.test.autoconfigure.SpringBootDependencyInjectionTestExecutionListener@604fa055, org.springframework.test.context.support.DirtiesContextTestExecutionListener@584df901, org.springframework.test.context.transaction.TransactionalTestExecutionListener@12e0fa80, org.springframework.test.context.jdbc.SqlScriptsTestExecutionListener@2a7acb72, org.springframework.security.test.context.support.WithSecurityContextTestExecutionListener@37aa9b60, org.springframework.test.context.event.EventPublishingTestExecutionListener@98e965, org.springframework.security.test.context.support.ReactorContextTestExecutionListener@15b9370c, org.springframework.boot.test.autoconfigure.restdocs.RestDocsTestExecutionListener@69e45f92, org.springframework.boot.test.autoconfigure.web.client.MockRestServiceServerResetTestExecutionListener@af6a855, org.springframework.boot.test.autoconfigure.web.servlet.MockMvcPrintOnlyOnFailureTestExecutionListener@4d62abaf, org.springframework.boot.test.autoconfigure.web.servlet.WebDriverTestExecutionListener@113fe458, org.springframework.boot.test.autoconfigure.webservices.client.MockWebServiceServerTestExecutionListener@5aec2122, org.springframework.boot.test.mock.mockito.ResetMocksTestExecutionListener@65679e2a]

  .   ____          _            __ _ _
 /\\ / ___'_ __ _ _(_)_ __  __ _ \ \ \ \
( ( )\___ | '_ | '_| | '_ \/ _` | \ \ \ \
 \\/  ___)| |_)| | | | | || (_| |  ) ) ) )
  '  |____| .__|_| |_|_| |_\__, | / / / /
 =========|_|==============|___/=/_/_/_/
 :: Spring Boot ::                (v2.4.1)

2022-03-07 20:51:21.362  INFO 3868 --- [    Test worker] c.h.g.s.web.HelloControllerTest          : Starting HelloControllerTest using Java 1.8.0_321 on DESKTOP-BUTUH8M with PID 3868 (started by haess in C:\workspace\IntelliJ)
2022-03-07 20:51:21.372  INFO 3868 --- [    Test worker] c.h.g.s.web.HelloControllerTest          : No active profile set, falling back to default profiles: default
2022-03-07 20:51:21.580  INFO 3868 --- [    Test worker] o.s.s.concurrent.ThreadPoolTaskExecutor  : Initializing ExecutorService 'applicationTaskExecutor'
2022-03-07 20:51:21.598  INFO 3868 --- [    Test worker] o.s.b.a.w.s.WelcomePageHandlerMapping    : Adding welcome page template: index
2022-03-07 20:51:21.769  INFO 3868 --- [    Test worker] o.s.s.web.DefaultSecurityFilterChain     : Will secure any request with [org.springframework.security.web.context.request.async.WebAsyncManagerIntegrationFilter@49df268, org.springframework.security.web.context.SecurityContextPersistenceFilter@86a23d4, org.springframework.security.web.header.HeaderWriterFilter@44b6ee4b, org.springframework.security.web.csrf.CsrfFilter@10359035, org.springframework.security.web.authentication.logout.LogoutFilter@4e2880a8, org.springframework.security.oauth2.client.web.OAuth2AuthorizationRequestRedirectFilter@171fc0f9, org.springframework.security.oauth2.client.web.OAuth2AuthorizationRequestRedirectFilter@17d199c, org.springframework.security.oauth2.client.web.OAuth2LoginAuthenticationFilter@690f1ad1, org.springframework.security.web.authentication.ui.DefaultLoginPageGeneratingFilter@2dc7eeb8, org.springframework.security.web.authentication.ui.DefaultLogoutPageGeneratingFilter@4afedaab, org.springframework.security.web.savedrequest.RequestCacheAwareFilter@6fd19bbe, org.springframework.security.web.servletapi.SecurityContextHolderAwareRequestFilter@1ce6e4b9, org.springframework.security.web.authentication.AnonymousAuthenticationFilter@578f2386, org.springframework.security.oauth2.client.web.OAuth2AuthorizationCodeGrantFilter@420becee, org.springframework.security.web.session.SessionManagementFilter@783e6ad0, org.springframework.security.web.access.ExceptionTranslationFilter@44747502, org.springframework.security.web.access.intercept.FilterSecurityInterceptor@22394468]
2022-03-07 20:51:21.800  INFO 3868 --- [    Test worker] o.s.b.t.m.w.SpringBootMockServletContext : Initializing Spring TestDispatcherServlet ''
2022-03-07 20:51:21.800  INFO 3868 --- [    Test worker] o.s.t.web.servlet.TestDispatcherServlet  : Initializing Servlet ''
2022-03-07 20:51:21.800  INFO 3868 --- [    Test worker] o.s.t.web.servlet.TestDispatcherServlet  : Completed initialization in 0 ms
2022-03-07 20:51:21.816  INFO 3868 --- [    Test worker] c.h.g.s.web.HelloControllerTest          : Started HelloControllerTest in 0.465 seconds (JVM running for 6.878)
]]></system-out>
  <system-err><![CDATA[]]></system-err>
</testsuite>
