<?xml version="1.0" encoding="UTF-8"?>
<testsuite name="com.haessae0.goanywhere.springboot.web.HelloControllerTest" tests="2" skipped="0" failures="0" errors="0" timestamp="2022-03-07T10:02:01" hostname="DESKTOP-BUTUH8M" time="0.083">
  <properties/>
  <testcase name="returned_hello()" classname="com.haessae0.goanywhere.springboot.web.HelloControllerTest" time="0.025"/>
  <testcase name="returned_helloDto()" classname="com.haessae0.goanywhere.springboot.web.HelloControllerTest" time="0.057"/>
  <system-out><![CDATA[2022-03-07 19:02:01.362  INFO 3292 --- [    Test worker] .b.t.a.w.s.WebMvcTestContextBootstrapper : Neither @ContextConfiguration nor @ContextHierarchy found for test class [com.haessae0.goanywhere.springboot.web.HelloControllerTest], using SpringBootContextLoader
2022-03-07 19:02:01.362  INFO 3292 --- [    Test worker] o.s.t.c.support.AbstractContextLoader    : Could not detect default resource locations for test class [com.haessae0.goanywhere.springboot.web.HelloControllerTest]: no resource found for suffixes {-context.xml, Context.groovy}.
2022-03-07 19:02:01.362  INFO 3292 --- [    Test worker] t.c.s.AnnotationConfigContextLoaderUtils : Could not detect default configuration classes for test class [com.haessae0.goanywhere.springboot.web.HelloControllerTest]: HelloControllerTest does not declare any static, non-private, non-final, nested classes annotated with @Configuration.
2022-03-07 19:02:01.362  INFO 3292 --- [    Test worker] .b.t.c.SpringBootTestContextBootstrapper : Found @SpringBootConfiguration com.haessae0.goanywhere.springboot.Application for test class com.haessae0.goanywhere.springboot.web.HelloControllerTest
2022-03-07 19:02:01.362  INFO 3292 --- [    Test worker] .b.t.a.w.s.WebMvcTestContextBootstrapper : Loaded default TestExecutionListener class names from location [META-INF/spring.factories]: [org.springframework.security.test.context.support.WithSecurityContextTestExecutionListener, org.springframework.security.test.context.support.ReactorContextTestExecutionListener, org.springframework.boot.test.autoconfigure.restdocs.RestDocsTestExecutionListener, org.springframework.boot.test.autoconfigure.web.client.MockRestServiceServerResetTestExecutionListener, org.springframework.boot.test.autoconfigure.web.servlet.MockMvcPrintOnlyOnFailureTestExecutionListener, org.springframework.boot.test.autoconfigure.web.servlet.WebDriverTestExecutionListener, org.springframework.boot.test.autoconfigure.webservices.client.MockWebServiceServerTestExecutionListener, org.springframework.boot.test.mock.mockito.MockitoTestExecutionListener, org.springframework.boot.test.mock.mockito.ResetMocksTestExecutionListener, org.springframework.test.context.web.ServletTestExecutionListener, org.springframework.test.context.support.DirtiesContextBeforeModesTestExecutionListener, org.springframework.test.context.support.DependencyInjectionTestExecutionListener, org.springframework.test.context.support.DirtiesContextTestExecutionListener, org.springframework.test.context.transaction.TransactionalTestExecutionListener, org.springframework.test.context.jdbc.SqlScriptsTestExecutionListener, org.springframework.test.context.event.EventPublishingTestExecutionListener]
2022-03-07 19:02:01.362  INFO 3292 --- [    Test worker] .b.t.a.w.s.WebMvcTestContextBootstrapper : Using TestExecutionListeners: [org.springframework.test.context.web.ServletTestExecutionListener@42c16b3a, org.springframework.test.context.support.DirtiesContextBeforeModesTestExecutionListener@556b6470, org.springframework.boot.test.mock.mockito.MockitoTestExecutionListener@2d9a8903, org.springframework.boot.test.autoconfigure.SpringBootDependencyInjectionTestExecutionListener@5f017e64, org.springframework.test.context.support.DirtiesContextTestExecutionListener@16d04605, org.springframework.test.context.transaction.TransactionalTestExecutionListener@1896f84b, org.springframework.test.context.jdbc.SqlScriptsTestExecutionListener@613da8cb, org.springframework.security.test.context.support.WithSecurityContextTestExecutionListener@351b18d6, org.springframework.test.context.event.EventPublishingTestExecutionListener@21ef901e, org.springframework.security.test.context.support.ReactorContextTestExecutionListener@e9460c8, org.springframework.boot.test.autoconfigure.restdocs.RestDocsTestExecutionListener@2e3ea21, org.springframework.boot.test.autoconfigure.web.client.MockRestServiceServerResetTestExecutionListener@6fd39f03, org.springframework.boot.test.autoconfigure.web.servlet.MockMvcPrintOnlyOnFailureTestExecutionListener@32e18d87, org.springframework.boot.test.autoconfigure.web.servlet.WebDriverTestExecutionListener@1fde2933, org.springframework.boot.test.autoconfigure.webservices.client.MockWebServiceServerTestExecutionListener@2717a0b, org.springframework.boot.test.mock.mockito.ResetMocksTestExecutionListener@7129d6c1]

  .   ____          _            __ _ _
 /\\ / ___'_ __ _ _(_)_ __  __ _ \ \ \ \
( ( )\___ | '_ | '_| | '_ \/ _` | \ \ \ \
 \\/  ___)| |_)| | | | | || (_| |  ) ) ) )
  '  |____| .__|_| |_|_| |_\__, | / / / /
 =========|_|==============|___/=/_/_/_/
 :: Spring Boot ::                (v2.4.1)

2022-03-07 19:02:01.395  INFO 3292 --- [    Test worker] c.h.g.s.web.HelloControllerTest          : Starting HelloControllerTest using Java 1.8.0_321 on DESKTOP-BUTUH8M with PID 3292 (started by haess in C:\workspace\IntelliJ)
2022-03-07 19:02:01.395  INFO 3292 --- [    Test worker] c.h.g.s.web.HelloControllerTest          : The following profiles are active: oauth
2022-03-07 19:02:01.622  INFO 3292 --- [    Test worker] o.s.s.concurrent.ThreadPoolTaskExecutor  : Initializing ExecutorService 'applicationTaskExecutor'
2022-03-07 19:02:01.638  INFO 3292 --- [    Test worker] o.s.b.a.w.s.WelcomePageHandlerMapping    : Adding welcome page template: index
2022-03-07 19:02:01.844  INFO 3292 --- [    Test worker] o.s.s.web.DefaultSecurityFilterChain     : Will secure any request with [org.springframework.security.web.context.request.async.WebAsyncManagerIntegrationFilter@291a0213, org.springframework.security.web.context.SecurityContextPersistenceFilter@2c16a0a, org.springframework.security.web.header.HeaderWriterFilter@95627f0, org.springframework.security.web.csrf.CsrfFilter@1f8b7c83, org.springframework.security.web.authentication.logout.LogoutFilter@3e6e78e1, org.springframework.security.oauth2.client.web.OAuth2AuthorizationRequestRedirectFilter@3d1cce74, org.springframework.security.oauth2.client.web.OAuth2AuthorizationRequestRedirectFilter@246851a, org.springframework.security.oauth2.client.web.OAuth2LoginAuthenticationFilter@28b64ccf, org.springframework.security.web.authentication.ui.DefaultLoginPageGeneratingFilter@2f04892b, org.springframework.security.web.authentication.ui.DefaultLogoutPageGeneratingFilter@2c8a8ff5, org.springframework.security.web.savedrequest.RequestCacheAwareFilter@2b174d9a, org.springframework.security.web.servletapi.SecurityContextHolderAwareRequestFilter@134696af, org.springframework.security.web.authentication.AnonymousAuthenticationFilter@64c14f7e, org.springframework.security.oauth2.client.web.OAuth2AuthorizationCodeGrantFilter@613526dc, org.springframework.security.web.session.SessionManagementFilter@4d7d3d3d, org.springframework.security.web.access.ExceptionTranslationFilter@77bbd890, org.springframework.security.web.access.intercept.FilterSecurityInterceptor@4f2cbed5]
2022-03-07 19:02:01.876  INFO 3292 --- [    Test worker] o.s.b.t.m.w.SpringBootMockServletContext : Initializing Spring TestDispatcherServlet ''
2022-03-07 19:02:01.876  INFO 3292 --- [    Test worker] o.s.t.web.servlet.TestDispatcherServlet  : Initializing Servlet ''
2022-03-07 19:02:01.876  INFO 3292 --- [    Test worker] o.s.t.web.servlet.TestDispatcherServlet  : Completed initialization in 0 ms
2022-03-07 19:02:01.876  INFO 3292 --- [    Test worker] c.h.g.s.web.HelloControllerTest          : Started HelloControllerTest in 0.51 seconds (JVM running for 6.824)
]]></system-out>
  <system-err><![CDATA[]]></system-err>
</testsuite>
