<?xml version="1.0" encoding="UTF-8"?>
<testsuite name="com.haessae0.goanywhere.springboot.web.HelloControllerTest" tests="2" skipped="0" failures="0" errors="0" timestamp="2022-03-02T10:58:14" hostname="DESKTOP-BUTUH8M" time="0.124">
  <properties/>
  <testcase name="returned_hello()" classname="com.haessae0.goanywhere.springboot.web.HelloControllerTest" time="0.063"/>
  <testcase name="returned_helloDto()" classname="com.haessae0.goanywhere.springboot.web.HelloControllerTest" time="0.06"/>
  <system-out><![CDATA[2022-03-02 19:58:13.949  INFO 13184 --- [    Test worker] .b.t.a.w.s.WebMvcTestContextBootstrapper : Neither @ContextConfiguration nor @ContextHierarchy found for test class [com.haessae0.goanywhere.springboot.web.HelloControllerTest], using SpringBootContextLoader
2022-03-02 19:58:13.949  INFO 13184 --- [    Test worker] o.s.t.c.support.AbstractContextLoader    : Could not detect default resource locations for test class [com.haessae0.goanywhere.springboot.web.HelloControllerTest]: no resource found for suffixes {-context.xml, Context.groovy}.
2022-03-02 19:58:13.949  INFO 13184 --- [    Test worker] t.c.s.AnnotationConfigContextLoaderUtils : Could not detect default configuration classes for test class [com.haessae0.goanywhere.springboot.web.HelloControllerTest]: HelloControllerTest does not declare any static, non-private, non-final, nested classes annotated with @Configuration.
2022-03-02 19:58:13.965  INFO 13184 --- [    Test worker] .b.t.c.SpringBootTestContextBootstrapper : Found @SpringBootConfiguration com.haessae0.goanywhere.springboot.Application for test class com.haessae0.goanywhere.springboot.web.HelloControllerTest
2022-03-02 19:58:13.967  INFO 13184 --- [    Test worker] .b.t.a.w.s.WebMvcTestContextBootstrapper : Loaded default TestExecutionListener class names from location [META-INF/spring.factories]: [org.springframework.security.test.context.support.WithSecurityContextTestExecutionListener, org.springframework.security.test.context.support.ReactorContextTestExecutionListener, org.springframework.boot.test.autoconfigure.restdocs.RestDocsTestExecutionListener, org.springframework.boot.test.autoconfigure.web.client.MockRestServiceServerResetTestExecutionListener, org.springframework.boot.test.autoconfigure.web.servlet.MockMvcPrintOnlyOnFailureTestExecutionListener, org.springframework.boot.test.autoconfigure.web.servlet.WebDriverTestExecutionListener, org.springframework.boot.test.autoconfigure.webservices.client.MockWebServiceServerTestExecutionListener, org.springframework.boot.test.mock.mockito.MockitoTestExecutionListener, org.springframework.boot.test.mock.mockito.ResetMocksTestExecutionListener, org.springframework.test.context.web.ServletTestExecutionListener, org.springframework.test.context.support.DirtiesContextBeforeModesTestExecutionListener, org.springframework.test.context.support.DependencyInjectionTestExecutionListener, org.springframework.test.context.support.DirtiesContextTestExecutionListener, org.springframework.test.context.transaction.TransactionalTestExecutionListener, org.springframework.test.context.jdbc.SqlScriptsTestExecutionListener, org.springframework.test.context.event.EventPublishingTestExecutionListener]
2022-03-02 19:58:13.967  INFO 13184 --- [    Test worker] .b.t.a.w.s.WebMvcTestContextBootstrapper : Using TestExecutionListeners: [org.springframework.test.context.web.ServletTestExecutionListener@22c56e1b, org.springframework.test.context.support.DirtiesContextBeforeModesTestExecutionListener@5658ebe2, org.springframework.boot.test.mock.mockito.MockitoTestExecutionListener@3e94a857, org.springframework.boot.test.autoconfigure.SpringBootDependencyInjectionTestExecutionListener@127f3a92, org.springframework.test.context.support.DirtiesContextTestExecutionListener@1b432b70, org.springframework.test.context.transaction.TransactionalTestExecutionListener@a55d401, org.springframework.test.context.jdbc.SqlScriptsTestExecutionListener@1198130c, org.springframework.security.test.context.support.WithSecurityContextTestExecutionListener@7a581007, org.springframework.test.context.event.EventPublishingTestExecutionListener@7842ac97, org.springframework.security.test.context.support.ReactorContextTestExecutionListener@5c138a42, org.springframework.boot.test.autoconfigure.restdocs.RestDocsTestExecutionListener@dc2e2bf, org.springframework.boot.test.autoconfigure.web.client.MockRestServiceServerResetTestExecutionListener@37a01328, org.springframework.boot.test.autoconfigure.web.servlet.MockMvcPrintOnlyOnFailureTestExecutionListener@5aeb375f, org.springframework.boot.test.autoconfigure.web.servlet.WebDriverTestExecutionListener@1aeaf7da, org.springframework.boot.test.autoconfigure.webservices.client.MockWebServiceServerTestExecutionListener@272922, org.springframework.boot.test.mock.mockito.ResetMocksTestExecutionListener@37a9535d]

  .   ____          _            __ _ _
 /\\ / ___'_ __ _ _(_)_ __  __ _ \ \ \ \
( ( )\___ | '_ | '_| | '_ \/ _` | \ \ \ \
 \\/  ___)| |_)| | | | | || (_| |  ) ) ) )
  '  |____| .__|_| |_|_| |_\__, | / / / /
 =========|_|==============|___/=/_/_/_/
 :: Spring Boot ::                (v2.4.1)

2022-03-02 19:58:13.988  INFO 13184 --- [    Test worker] c.h.g.s.web.HelloControllerTest          : Starting HelloControllerTest using Java 1.8.0_321 on DESKTOP-BUTUH8M with PID 13184 (started by haess in C:\workspace\IntelliJ)
2022-03-02 19:58:13.990  INFO 13184 --- [    Test worker] c.h.g.s.web.HelloControllerTest          : The following profiles are active: oauth
2022-03-02 19:58:14.231  INFO 13184 --- [    Test worker] o.s.s.concurrent.ThreadPoolTaskExecutor  : Initializing ExecutorService 'applicationTaskExecutor'
2022-03-02 19:58:14.247  INFO 13184 --- [    Test worker] o.s.b.a.w.s.WelcomePageHandlerMapping    : Adding welcome page template: index
2022-03-02 19:58:14.465  INFO 13184 --- [    Test worker] o.s.s.web.DefaultSecurityFilterChain     : Will secure any request with [org.springframework.security.web.context.request.async.WebAsyncManagerIntegrationFilter@440d2b21, org.springframework.security.web.context.SecurityContextPersistenceFilter@7ef6e4c, org.springframework.security.web.header.HeaderWriterFilter@3449ac88, org.springframework.security.web.csrf.CsrfFilter@2960a02f, org.springframework.security.web.authentication.logout.LogoutFilter@3794452a, org.springframework.security.oauth2.client.web.OAuth2AuthorizationRequestRedirectFilter@21e49990, org.springframework.security.oauth2.client.web.OAuth2AuthorizationRequestRedirectFilter@1856bac, org.springframework.security.oauth2.client.web.OAuth2LoginAuthenticationFilter@1c48702e, org.springframework.security.web.authentication.ui.DefaultLoginPageGeneratingFilter@28c14884, org.springframework.security.web.authentication.ui.DefaultLogoutPageGeneratingFilter@6b01636d, org.springframework.security.web.savedrequest.RequestCacheAwareFilter@a02a91d, org.springframework.security.web.servletapi.SecurityContextHolderAwareRequestFilter@73d66939, org.springframework.security.web.authentication.AnonymousAuthenticationFilter@48da09bd, org.springframework.security.oauth2.client.web.OAuth2AuthorizationCodeGrantFilter@2841773f, org.springframework.security.web.session.SessionManagementFilter@180403f6, org.springframework.security.web.access.ExceptionTranslationFilter@6e1c7f8b, org.springframework.security.web.access.intercept.FilterSecurityInterceptor@3af94b98]
2022-03-02 19:58:14.517  INFO 13184 --- [    Test worker] o.s.b.t.m.w.SpringBootMockServletContext : Initializing Spring TestDispatcherServlet ''
2022-03-02 19:58:14.517  INFO 13184 --- [    Test worker] o.s.t.web.servlet.TestDispatcherServlet  : Initializing Servlet ''
2022-03-02 19:58:14.517  INFO 13184 --- [    Test worker] o.s.t.web.servlet.TestDispatcherServlet  : Completed initialization in 0 ms
2022-03-02 19:58:14.535  INFO 13184 --- [    Test worker] c.h.g.s.web.HelloControllerTest          : Started HelloControllerTest in 0.571 seconds (JVM running for 6.491)
]]></system-out>
  <system-err><![CDATA[]]></system-err>
</testsuite>
