<?xml version="1.0" encoding="UTF-8"?>
<testsuite name="com.haessae0.goanywhere.springboot.domain.posts.PostsRepositoryTest" tests="2" skipped="0" failures="0" errors="0" timestamp="2022-03-07T10:02:01" hostname="DESKTOP-BUTUH8M" time="0.086">
  <properties/>
  <testcase name="loaded_Post()" classname="com.haessae0.goanywhere.springboot.domain.posts.PostsRepositoryTest" time="0.077"/>
  <testcase name="registered_BaseTimeEntity()" classname="com.haessae0.goanywhere.springboot.domain.posts.PostsRepositoryTest" time="0.009"/>
  <system-out><![CDATA[2022-03-07 19:02:00.361  INFO 3292 --- [    Test worker] .b.t.c.SpringBootTestContextBootstrapper : Neither @ContextConfiguration nor @ContextHierarchy found for test class [com.haessae0.goanywhere.springboot.domain.posts.PostsRepositoryTest], using SpringBootContextLoader
2022-03-07 19:02:00.361  INFO 3292 --- [    Test worker] o.s.t.c.support.AbstractContextLoader    : Could not detect default resource locations for test class [com.haessae0.goanywhere.springboot.domain.posts.PostsRepositoryTest]: no resource found for suffixes {-context.xml, Context.groovy}.
2022-03-07 19:02:00.361  INFO 3292 --- [    Test worker] t.c.s.AnnotationConfigContextLoaderUtils : Could not detect default configuration classes for test class [com.haessae0.goanywhere.springboot.domain.posts.PostsRepositoryTest]: PostsRepositoryTest does not declare any static, non-private, non-final, nested classes annotated with @Configuration.
2022-03-07 19:02:00.377  INFO 3292 --- [    Test worker] .b.t.c.SpringBootTestContextBootstrapper : Found @SpringBootConfiguration com.haessae0.goanywhere.springboot.Application for test class com.haessae0.goanywhere.springboot.domain.posts.PostsRepositoryTest
2022-03-07 19:02:00.377  INFO 3292 --- [    Test worker] .b.t.c.SpringBootTestContextBootstrapper : Loaded default TestExecutionListener class names from location [META-INF/spring.factories]: [org.springframework.security.test.context.support.WithSecurityContextTestExecutionListener, org.springframework.security.test.context.support.ReactorContextTestExecutionListener, org.springframework.boot.test.autoconfigure.restdocs.RestDocsTestExecutionListener, org.springframework.boot.test.autoconfigure.web.client.MockRestServiceServerResetTestExecutionListener, org.springframework.boot.test.autoconfigure.web.servlet.MockMvcPrintOnlyOnFailureTestExecutionListener, org.springframework.boot.test.autoconfigure.web.servlet.WebDriverTestExecutionListener, org.springframework.boot.test.autoconfigure.webservices.client.MockWebServiceServerTestExecutionListener, org.springframework.boot.test.mock.mockito.MockitoTestExecutionListener, org.springframework.boot.test.mock.mockito.ResetMocksTestExecutionListener, org.springframework.test.context.web.ServletTestExecutionListener, org.springframework.test.context.support.DirtiesContextBeforeModesTestExecutionListener, org.springframework.test.context.support.DependencyInjectionTestExecutionListener, org.springframework.test.context.support.DirtiesContextTestExecutionListener, org.springframework.test.context.transaction.TransactionalTestExecutionListener, org.springframework.test.context.jdbc.SqlScriptsTestExecutionListener, org.springframework.test.context.event.EventPublishingTestExecutionListener]
2022-03-07 19:02:00.377  INFO 3292 --- [    Test worker] .b.t.c.SpringBootTestContextBootstrapper : Using TestExecutionListeners: [org.springframework.test.context.web.ServletTestExecutionListener@4cf6b036, org.springframework.test.context.support.DirtiesContextBeforeModesTestExecutionListener@319e560b, org.springframework.boot.test.mock.mockito.MockitoTestExecutionListener@12b8c562, org.springframework.boot.test.autoconfigure.SpringBootDependencyInjectionTestExecutionListener@65b2c7c2, org.springframework.test.context.support.DirtiesContextTestExecutionListener@1cbcbc42, org.springframework.test.context.transaction.TransactionalTestExecutionListener@5fd19fd0, org.springframework.test.context.jdbc.SqlScriptsTestExecutionListener@b96d29d, org.springframework.security.test.context.support.WithSecurityContextTestExecutionListener@78e998fa, org.springframework.test.context.event.EventPublishingTestExecutionListener@14e6509, org.springframework.security.test.context.support.ReactorContextTestExecutionListener@52b245ef, org.springframework.boot.test.autoconfigure.restdocs.RestDocsTestExecutionListener@6f8d771e, org.springframework.boot.test.autoconfigure.web.client.MockRestServiceServerResetTestExecutionListener@5b971c5d, org.springframework.boot.test.autoconfigure.web.servlet.MockMvcPrintOnlyOnFailureTestExecutionListener@29035c0b, org.springframework.boot.test.autoconfigure.web.servlet.WebDriverTestExecutionListener@695ee9f9, org.springframework.boot.test.autoconfigure.webservices.client.MockWebServiceServerTestExecutionListener@6d6f564b, org.springframework.boot.test.mock.mockito.ResetMocksTestExecutionListener@ef9da4f]

  .   ____          _            __ _ _
 /\\ / ___'_ __ _ _(_)_ __  __ _ \ \ \ \
( ( )\___ | '_ | '_| | '_ \/ _` | \ \ \ \
 \\/  ___)| |_)| | | | | || (_| |  ) ) ) )
  '  |____| .__|_| |_|_| |_\__, | / / / /
 =========|_|==============|___/=/_/_/_/
 :: Spring Boot ::                (v2.4.1)

2022-03-07 19:02:00.404  INFO 3292 --- [    Test worker] c.h.g.s.d.posts.PostsRepositoryTest      : Starting PostsRepositoryTest using Java 1.8.0_321 on DESKTOP-BUTUH8M with PID 3292 (started by haess in C:\workspace\IntelliJ)
2022-03-07 19:02:00.404  INFO 3292 --- [    Test worker] c.h.g.s.d.posts.PostsRepositoryTest      : The following profiles are active: oauth
2022-03-07 19:02:00.566  INFO 3292 --- [    Test worker] .s.d.r.c.RepositoryConfigurationDelegate : Bootstrapping Spring Data JPA repositories in DEFAULT mode.
2022-03-07 19:02:00.566  INFO 3292 --- [    Test worker] .s.d.r.c.RepositoryConfigurationDelegate : Finished Spring Data repository scanning in 9 ms. Found 2 JPA repository interfaces.
2022-03-07 19:02:00.679  INFO 3292 --- [    Test worker] com.zaxxer.hikari.HikariDataSource       : HikariPool-2 - Starting...
2022-03-07 19:02:00.679  INFO 3292 --- [    Test worker] com.zaxxer.hikari.HikariDataSource       : HikariPool-2 - Start completed.
2022-03-07 19:02:00.679  INFO 3292 --- [    Test worker] o.hibernate.jpa.internal.util.LogHelper  : HHH000204: Processing PersistenceUnitInfo [name: default]
2022-03-07 19:02:00.696  INFO 3292 --- [    Test worker] org.hibernate.dialect.Dialect            : HHH000400: Using dialect: org.hibernate.dialect.MySQL57Dialect
Hibernate: drop table if exists posts
Hibernate: drop table if exists user
Hibernate: create table posts (id bigint not null auto_increment, created_date datetime(6), modified_date datetime(6), author varchar(255), content TEXT not null, title varchar(500) not null, primary key (id)) engine=InnoDB
Hibernate: create table user (id bigint not null auto_increment, created_date datetime(6), modified_date datetime(6), email varchar(255) not null, name varchar(255) not null, picture varchar(255), role varchar(255) not null, primary key (id)) engine=InnoDB
2022-03-07 19:02:00.727  INFO 3292 --- [    Test worker] o.h.e.t.j.p.i.JtaPlatformInitiator       : HHH000490: Using JtaPlatform implementation: [org.hibernate.engine.transaction.jta.platform.internal.NoJtaPlatform]
2022-03-07 19:02:00.727  INFO 3292 --- [    Test worker] j.LocalContainerEntityManagerFactoryBean : Initialized JPA EntityManagerFactory for persistence unit 'default'
2022-03-07 19:02:00.807  WARN 3292 --- [    Test worker] JpaBaseConfiguration$JpaWebConfiguration : spring.jpa.open-in-view is enabled by default. Therefore, database queries may be performed during view rendering. Explicitly configure spring.jpa.open-in-view to disable this warning
2022-03-07 19:02:00.950  INFO 3292 --- [    Test worker] o.s.s.web.DefaultSecurityFilterChain     : Will secure any request with [org.springframework.security.web.context.request.async.WebAsyncManagerIntegrationFilter@1508df07, org.springframework.security.web.context.SecurityContextPersistenceFilter@74285c3f, org.springframework.security.web.header.HeaderWriterFilter@50648b19, org.springframework.security.web.authentication.logout.LogoutFilter@34cde208, org.springframework.security.oauth2.client.web.OAuth2AuthorizationRequestRedirectFilter@15039150, org.springframework.security.oauth2.client.web.OAuth2LoginAuthenticationFilter@26944b61, org.springframework.security.web.authentication.ui.DefaultLoginPageGeneratingFilter@2b053932, org.springframework.security.web.authentication.ui.DefaultLogoutPageGeneratingFilter@4d1786ca, org.springframework.security.web.savedrequest.RequestCacheAwareFilter@68e83ed0, org.springframework.security.web.servletapi.SecurityContextHolderAwareRequestFilter@1ca05c97, org.springframework.security.web.authentication.AnonymousAuthenticationFilter@44171729, org.springframework.security.web.session.SessionManagementFilter@3170cc55, org.springframework.security.web.access.ExceptionTranslationFilter@4b5af0ca, org.springframework.security.web.access.intercept.FilterSecurityInterceptor@7ca49c70]
2022-03-07 19:02:01.075  INFO 3292 --- [    Test worker] o.s.s.concurrent.ThreadPoolTaskExecutor  : Initializing ExecutorService 'applicationTaskExecutor'
2022-03-07 19:02:01.091  INFO 3292 --- [    Test worker] o.s.b.a.h2.H2ConsoleAutoConfiguration    : H2 console available at '/h2-console'. Database available at 'jdbc:h2:mem:testdb'
2022-03-07 19:02:01.107  INFO 3292 --- [    Test worker] o.s.b.a.w.s.WelcomePageHandlerMapping    : Adding welcome page template: index
2022-03-07 19:02:01.266  INFO 3292 --- [    Test worker] s.a.ScheduledAnnotationBeanPostProcessor : No TaskScheduler/ScheduledExecutorService bean found for scheduled processing
2022-03-07 19:02:01.266  INFO 3292 --- [    Test worker] c.h.g.s.d.posts.PostsRepositoryTest      : Started PostsRepositoryTest in 0.879 seconds (JVM running for 6.201)
Hibernate: insert into posts (created_date, modified_date, author, content, title) values (?, ?, ?, ?, ?)
Hibernate: select posts0_.id as id1_0_, posts0_.created_date as created_2_0_, posts0_.modified_date as modified3_0_, posts0_.author as author4_0_, posts0_.content as content5_0_, posts0_.title as title6_0_ from posts posts0_
Hibernate: select posts0_.id as id1_0_, posts0_.created_date as created_2_0_, posts0_.modified_date as modified3_0_, posts0_.author as author4_0_, posts0_.content as content5_0_, posts0_.title as title6_0_ from posts posts0_
Hibernate: delete from posts where id=?
Hibernate: insert into posts (created_date, modified_date, author, content, title) values (?, ?, ?, ?, ?)
Hibernate: select posts0_.id as id1_0_, posts0_.created_date as created_2_0_, posts0_.modified_date as modified3_0_, posts0_.author as author4_0_, posts0_.content as content5_0_, posts0_.title as title6_0_ from posts posts0_
>>>>>>>>>> createDate=2022-03-07T19:02:01.346,modifiedDate=2022-03-07T19:02:01.346
Hibernate: select posts0_.id as id1_0_, posts0_.created_date as created_2_0_, posts0_.modified_date as modified3_0_, posts0_.author as author4_0_, posts0_.content as content5_0_, posts0_.title as title6_0_ from posts posts0_
Hibernate: delete from posts where id=?
]]></system-out>
  <system-err><![CDATA[]]></system-err>
</testsuite>
