<?xml version="1.0" encoding="UTF-8"?>
<testsuite name="com.haessae0.goanywhere.springboot.web.HelloControllerTest" tests="2" skipped="0" failures="0" errors="0" timestamp="2022-03-07T10:46:25" hostname="DESKTOP-BUTUH8M" time="0.118">
  <properties/>
  <testcase name="returned_hello()" classname="com.haessae0.goanywhere.springboot.web.HelloControllerTest" time="0.053"/>
  <testcase name="returned_helloDto()" classname="com.haessae0.goanywhere.springboot.web.HelloControllerTest" time="0.064"/>
  <system-out><![CDATA[2022-03-07 19:46:24.668  INFO 17016 --- [    Test worker] .b.t.a.w.s.WebMvcTestContextBootstrapper : Neither @ContextConfiguration nor @ContextHierarchy found for test class [com.haessae0.goanywhere.springboot.web.HelloControllerTest], using SpringBootContextLoader
2022-03-07 19:46:24.668  INFO 17016 --- [    Test worker] o.s.t.c.support.AbstractContextLoader    : Could not detect default resource locations for test class [com.haessae0.goanywhere.springboot.web.HelloControllerTest]: no resource found for suffixes {-context.xml, Context.groovy}.
2022-03-07 19:46:24.668  INFO 17016 --- [    Test worker] t.c.s.AnnotationConfigContextLoaderUtils : Could not detect default configuration classes for test class [com.haessae0.goanywhere.springboot.web.HelloControllerTest]: HelloControllerTest does not declare any static, non-private, non-final, nested classes annotated with @Configuration.
2022-03-07 19:46:24.683  INFO 17016 --- [    Test worker] .b.t.c.SpringBootTestContextBootstrapper : Found @SpringBootConfiguration com.haessae0.goanywhere.Application for test class com.haessae0.goanywhere.springboot.web.HelloControllerTest
2022-03-07 19:46:24.683  INFO 17016 --- [    Test worker] .b.t.a.w.s.WebMvcTestContextBootstrapper : Loaded default TestExecutionListener class names from location [META-INF/spring.factories]: [org.springframework.security.test.context.support.WithSecurityContextTestExecutionListener, org.springframework.security.test.context.support.ReactorContextTestExecutionListener, org.springframework.boot.test.autoconfigure.restdocs.RestDocsTestExecutionListener, org.springframework.boot.test.autoconfigure.web.client.MockRestServiceServerResetTestExecutionListener, org.springframework.boot.test.autoconfigure.web.servlet.MockMvcPrintOnlyOnFailureTestExecutionListener, org.springframework.boot.test.autoconfigure.web.servlet.WebDriverTestExecutionListener, org.springframework.boot.test.autoconfigure.webservices.client.MockWebServiceServerTestExecutionListener, org.springframework.boot.test.mock.mockito.MockitoTestExecutionListener, org.springframework.boot.test.mock.mockito.ResetMocksTestExecutionListener, org.springframework.test.context.web.ServletTestExecutionListener, org.springframework.test.context.support.DirtiesContextBeforeModesTestExecutionListener, org.springframework.test.context.support.DependencyInjectionTestExecutionListener, org.springframework.test.context.support.DirtiesContextTestExecutionListener, org.springframework.test.context.transaction.TransactionalTestExecutionListener, org.springframework.test.context.jdbc.SqlScriptsTestExecutionListener, org.springframework.test.context.event.EventPublishingTestExecutionListener]
2022-03-07 19:46:24.683  INFO 17016 --- [    Test worker] .b.t.a.w.s.WebMvcTestContextBootstrapper : Using TestExecutionListeners: [org.springframework.test.context.web.ServletTestExecutionListener@4cad428, org.springframework.test.context.support.DirtiesContextBeforeModesTestExecutionListener@54738783, org.springframework.boot.test.mock.mockito.MockitoTestExecutionListener@4a9fb20e, org.springframework.boot.test.autoconfigure.SpringBootDependencyInjectionTestExecutionListener@349666bd, org.springframework.test.context.support.DirtiesContextTestExecutionListener@662f9f93, org.springframework.test.context.transaction.TransactionalTestExecutionListener@2e28534a, org.springframework.test.context.jdbc.SqlScriptsTestExecutionListener@19108b43, org.springframework.security.test.context.support.WithSecurityContextTestExecutionListener@1e34b552, org.springframework.test.context.event.EventPublishingTestExecutionListener@47d6200, org.springframework.security.test.context.support.ReactorContextTestExecutionListener@6823c3c6, org.springframework.boot.test.autoconfigure.restdocs.RestDocsTestExecutionListener@75741712, org.springframework.boot.test.autoconfigure.web.client.MockRestServiceServerResetTestExecutionListener@4e51a2cb, org.springframework.boot.test.autoconfigure.web.servlet.MockMvcPrintOnlyOnFailureTestExecutionListener@2153b463, org.springframework.boot.test.autoconfigure.web.servlet.WebDriverTestExecutionListener@57186e7c, org.springframework.boot.test.autoconfigure.webservices.client.MockWebServiceServerTestExecutionListener@2013f0a, org.springframework.boot.test.mock.mockito.ResetMocksTestExecutionListener@4105827b]

  .   ____          _            __ _ _
 /\\ / ___'_ __ _ _(_)_ __  __ _ \ \ \ \
( ( )\___ | '_ | '_| | '_ \/ _` | \ \ \ \
 \\/  ___)| |_)| | | | | || (_| |  ) ) ) )
  '  |____| .__|_| |_|_| |_\__, | / / / /
 =========|_|==============|___/=/_/_/_/
 :: Spring Boot ::                (v2.4.1)

2022-03-07 19:46:24.699  INFO 17016 --- [    Test worker] c.h.g.s.web.HelloControllerTest          : Starting HelloControllerTest using Java 1.8.0_321 on DESKTOP-BUTUH8M with PID 17016 (started by haess in C:\workspace\IntelliJ)
2022-03-07 19:46:24.699  INFO 17016 --- [    Test worker] c.h.g.s.web.HelloControllerTest          : The following profiles are active: oauth
2022-03-07 19:46:24.892  INFO 17016 --- [    Test worker] o.s.s.concurrent.ThreadPoolTaskExecutor  : Initializing ExecutorService 'applicationTaskExecutor'
2022-03-07 19:46:24.908  INFO 17016 --- [    Test worker] o.s.b.a.w.s.WelcomePageHandlerMapping    : Adding welcome page template: index
2022-03-07 19:46:25.135  INFO 17016 --- [    Test worker] o.s.s.web.DefaultSecurityFilterChain     : Will secure any request with [org.springframework.security.web.context.request.async.WebAsyncManagerIntegrationFilter@18d9732a, org.springframework.security.web.context.SecurityContextPersistenceFilter@53107bfe, org.springframework.security.web.header.HeaderWriterFilter@3ef46d0f, org.springframework.security.web.csrf.CsrfFilter@4f4aded9, org.springframework.security.web.authentication.logout.LogoutFilter@558e9566, org.springframework.security.oauth2.client.web.OAuth2AuthorizationRequestRedirectFilter@832abae, org.springframework.security.oauth2.client.web.OAuth2AuthorizationRequestRedirectFilter@190bc7b2, org.springframework.security.oauth2.client.web.OAuth2LoginAuthenticationFilter@474147f2, org.springframework.security.web.authentication.ui.DefaultLoginPageGeneratingFilter@25c73460, org.springframework.security.web.authentication.ui.DefaultLogoutPageGeneratingFilter@7c6c9c4, org.springframework.security.web.savedrequest.RequestCacheAwareFilter@31682a35, org.springframework.security.web.servletapi.SecurityContextHolderAwareRequestFilter@2c69a502, org.springframework.security.web.authentication.AnonymousAuthenticationFilter@5ea2e8a7, org.springframework.security.oauth2.client.web.OAuth2AuthorizationCodeGrantFilter@10192487, org.springframework.security.web.session.SessionManagementFilter@2751c01e, org.springframework.security.web.access.ExceptionTranslationFilter@4a1501e8, org.springframework.security.web.access.intercept.FilterSecurityInterceptor@728cdd3c]
2022-03-07 19:46:25.198  INFO 17016 --- [    Test worker] o.s.b.t.m.w.SpringBootMockServletContext : Initializing Spring TestDispatcherServlet ''
2022-03-07 19:46:25.198  INFO 17016 --- [    Test worker] o.s.t.web.servlet.TestDispatcherServlet  : Initializing Servlet ''
2022-03-07 19:46:25.199  INFO 17016 --- [    Test worker] o.s.t.web.servlet.TestDispatcherServlet  : Completed initialization in 1 ms
2022-03-07 19:46:25.212  INFO 17016 --- [    Test worker] c.h.g.s.web.HelloControllerTest          : Started HelloControllerTest in 0.52 seconds (JVM running for 5.69)
]]></system-out>
  <system-err><![CDATA[]]></system-err>
</testsuite>
